"Severity","ThreadID","Date","Time","Application","Message"
"INFO","ajp-nio-8009-exec-5","11/23/2018","14:05:15","OSGi","add bundle:C:\lucee\tomcat\lucee-server\bundles\mssqljdbc4-4.0.2206.100.jar"
"INFO","ajp-nio-8009-exec-5","11/23/2018","14:05:15","OSGi","start bundle:mssqljdbc4:4.0.2206.100"
"INFO","ajp-nio-8009-exec-3","11/23/2018","14:14:53","OSGi","add bundle:C:\lucee\tomcat\lucee-server\bundles\mssqljdbc4-4.0.2206.100.jar"
"INFO","ajp-nio-8009-exec-3","11/23/2018","14:14:53","OSGi","start bundle:mssqljdbc4:4.0.2206.100"
"INFO","ajp-nio-8009-exec-8","11/26/2018","08:17:21","Instrumentation","not found [lucee.runtime.instrumentation.ExternalAgent] in ClassLoader [sun.misc.Launcher$AppClassLoader@c387f44]"
"INFO","ajp-nio-8009-exec-8","11/26/2018","08:17:22","Instrumentation","not found [lucee.runtime.instrumentation.ExternalAgent] in ClassLoader [java.net.URLClassLoader@2f2c9b19]"
"INFO","ajp-nio-8009-exec-8","11/26/2018","08:17:22","Instrumentation","not found [lucee.runtime.instrumentation.ExternalAgent] in ClassLoader [lucee.commons.io.res.util.ResourceClassLoader@59a52f4f]"
"INFO","ajp-nio-8009-exec-8","11/26/2018","08:17:22","Instrumentation","looking for tools.jar"
"INFO","ajp-nio-8009-exec-8","11/26/2018","08:17:22","Instrumentation","couldn't find tools.jar at: C:\lucee\jdk\jre\lib\tools.jar"
"INFO","ajp-nio-8009-exec-8","11/26/2018","08:17:22","Instrumentation","tools.jar used:C:\lucee\jdk\lib\tools.jar"
"INFO","ajp-nio-8009-exec-8","11/26/2018","08:17:22","Instrumentation","loaded VirtualMachine class:com.sun.tools.attach.VirtualMachine"
"INFO","ajp-nio-8009-exec-8","11/26/2018","08:17:22","Instrumentation","create C:\lucee\tomcat\lucee-server\context\lucee-external-agent.jar"
"INFO","ajp-nio-8009-exec-8","11/26/2018","08:17:22","Instrumentation","try to load agent (path:C:\lucee\tomcat\lucee-server\context\lucee-external-agent.jar)"
"INFO","ajp-nio-8009-exec-8","11/26/2018","08:17:22","Instrumentation","pid:6280"
"INFO","ajp-nio-8009-exec-8","11/26/2018","08:17:22","Instrumentation","found [lucee.runtime.instrumentation.ExternalAgent] in ClassLoader [sun.misc.Launcher$AppClassLoader@c387f44]"
"INFO","ajp-nio-8009-exec-8","11/26/2018","08:17:22","Instrumentation","ExternalAgent does contain a Instrumentation instance"
"INFO","ajp-nio-8009-exec-3","11/27/2018","04:39:39","OSGi","add bundle:C:\lucee\tomcat\lucee-server\bundles\mssqljdbc4-4.0.2206.100.jar"
"INFO","ajp-nio-8009-exec-3","11/27/2018","04:39:39","OSGi","start bundle:mssqljdbc4:4.0.2206.100"
"INFO","ajp-nio-8009-exec-2","11/27/2018","05:48:26","Instrumentation","not found [lucee.runtime.instrumentation.ExternalAgent] in ClassLoader [sun.misc.Launcher$AppClassLoader@c387f44]"
"INFO","ajp-nio-8009-exec-2","11/27/2018","05:48:26","Instrumentation","not found [lucee.runtime.instrumentation.ExternalAgent] in ClassLoader [java.net.URLClassLoader@2f2c9b19]"
"INFO","ajp-nio-8009-exec-2","11/27/2018","05:48:26","Instrumentation","not found [lucee.runtime.instrumentation.ExternalAgent] in ClassLoader [lucee.commons.io.res.util.ResourceClassLoader@75e1a6b7]"
"INFO","ajp-nio-8009-exec-2","11/27/2018","05:48:26","Instrumentation","looking for tools.jar"
"INFO","ajp-nio-8009-exec-2","11/27/2018","05:48:26","Instrumentation","couldn't find tools.jar at: C:\lucee\jdk\jre\lib\tools.jar"
"INFO","ajp-nio-8009-exec-2","11/27/2018","05:48:26","Instrumentation","tools.jar used:C:\lucee\jdk\lib\tools.jar"
"INFO","ajp-nio-8009-exec-2","11/27/2018","05:48:27","Instrumentation","loaded VirtualMachine class:com.sun.tools.attach.VirtualMachine"
"INFO","ajp-nio-8009-exec-2","11/27/2018","05:48:27","Instrumentation","try to load agent (path:C:\lucee\tomcat\lucee-server\context\lucee-external-agent.jar)"
"INFO","ajp-nio-8009-exec-2","11/27/2018","05:48:27","Instrumentation","pid:2428"
"INFO","ajp-nio-8009-exec-2","11/27/2018","05:48:27","Instrumentation","found [lucee.runtime.instrumentation.ExternalAgent] in ClassLoader [sun.misc.Launcher$AppClassLoader@c387f44]"
"INFO","ajp-nio-8009-exec-2","11/27/2018","05:48:27","Instrumentation","ExternalAgent does contain a Instrumentation instance"
"INFO","ajp-nio-8009-exec-9","12/10/2018","08:18:45","OSGi","add bundle:C:\lucee\tomcat\lucee-server\bundles\com.microsoft.sqlserver.mssql-jdbc-6.2.2.jre8.jar"
"INFO","ajp-nio-8009-exec-9","12/10/2018","08:18:45","OSGi","start bundle:com.microsoft.sqlserver.mssql-jdbc:6.2.2.jre8"
"INFO","ajp-nio-8009-exec-7","12/13/2018","10:14:35","Instrumentation","not found [lucee.runtime.instrumentation.ExternalAgent] in ClassLoader [sun.misc.Launcher$AppClassLoader@c387f44]"
"INFO","ajp-nio-8009-exec-7","12/13/2018","10:14:36","Instrumentation","not found [lucee.runtime.instrumentation.ExternalAgent] in ClassLoader [java.net.URLClassLoader@2f2c9b19]"
"INFO","ajp-nio-8009-exec-7","12/13/2018","10:14:36","Instrumentation","not found [lucee.runtime.instrumentation.ExternalAgent] in ClassLoader [lucee.commons.io.res.util.ResourceClassLoader@6e8493fe]"
"INFO","ajp-nio-8009-exec-7","12/13/2018","10:14:36","Instrumentation","looking for tools.jar"
"INFO","ajp-nio-8009-exec-7","12/13/2018","10:14:36","Instrumentation","couldn't find tools.jar at: C:\lucee\jdk\jre\lib\tools.jar"
"INFO","ajp-nio-8009-exec-7","12/13/2018","10:14:36","Instrumentation","tools.jar used:C:\lucee\jdk\lib\tools.jar"
"INFO","ajp-nio-8009-exec-7","12/13/2018","10:14:36","Instrumentation","loaded VirtualMachine class:com.sun.tools.attach.VirtualMachine"
"INFO","ajp-nio-8009-exec-7","12/13/2018","10:14:36","Instrumentation","try to load agent (path:C:\lucee\tomcat\lucee-server\context\lucee-external-agent.jar)"
"INFO","ajp-nio-8009-exec-7","12/13/2018","10:14:36","Instrumentation","pid:2240"
"INFO","ajp-nio-8009-exec-7","12/13/2018","10:14:36","Instrumentation","found [lucee.runtime.instrumentation.ExternalAgent] in ClassLoader [sun.misc.Launcher$AppClassLoader@c387f44]"
"INFO","ajp-nio-8009-exec-7","12/13/2018","10:14:36","Instrumentation","ExternalAgent does contain a Instrumentation instance"
"INFO","ajp-nio-8009-exec-10","12/17/2018","05:43:48","Instrumentation","not found [lucee.runtime.instrumentation.ExternalAgent] in ClassLoader [sun.misc.Launcher$AppClassLoader@c387f44]"
"INFO","ajp-nio-8009-exec-10","12/17/2018","05:43:48","Instrumentation","not found [lucee.runtime.instrumentation.ExternalAgent] in ClassLoader [java.net.URLClassLoader@2f2c9b19]"
"INFO","ajp-nio-8009-exec-10","12/17/2018","05:43:48","Instrumentation","not found [lucee.runtime.instrumentation.ExternalAgent] in ClassLoader [lucee.commons.io.res.util.ResourceClassLoader@44dbc2c9]"
"INFO","ajp-nio-8009-exec-10","12/17/2018","05:43:48","Instrumentation","looking for tools.jar"
"INFO","ajp-nio-8009-exec-10","12/17/2018","05:43:48","Instrumentation","couldn't find tools.jar at: C:\lucee\jdk\jre\lib\tools.jar"
"INFO","ajp-nio-8009-exec-10","12/17/2018","05:43:48","Instrumentation","tools.jar used:C:\lucee\jdk\lib\tools.jar"
"INFO","ajp-nio-8009-exec-10","12/17/2018","05:43:48","Instrumentation","loaded VirtualMachine class:com.sun.tools.attach.VirtualMachine"
"INFO","ajp-nio-8009-exec-10","12/17/2018","05:43:48","Instrumentation","try to load agent (path:C:\lucee\tomcat\lucee-server\context\lucee-external-agent.jar)"
"INFO","ajp-nio-8009-exec-10","12/17/2018","05:43:48","Instrumentation","pid:2072"
"INFO","ajp-nio-8009-exec-10","12/17/2018","05:43:48","Instrumentation","found [lucee.runtime.instrumentation.ExternalAgent] in ClassLoader [sun.misc.Launcher$AppClassLoader@c387f44]"
"INFO","ajp-nio-8009-exec-10","12/17/2018","05:43:48","Instrumentation","ExternalAgent does contain a Instrumentation instance"
"ERROR","ajp-nio-8009-exec-6","12/18/2018","07:22:47","",";Page /buglog/test.cfm [C:\Sites\Salonworks\www\buglog\test.cfm] not found;lucee.runtime.exp.MissingIncludeException: Page /buglog/test.cfm [C:\Sites\Salonworks\www\buglog\test.cfm] not found
	at lucee.runtime.PageSourceImpl.loadPage(PageSourceImpl.java:964)
	at lucee.runtime.PageContextImpl._doInclude(PageContextImpl.java:927)
	at lucee.runtime.PageContextImpl._doInclude(PageContextImpl.java:823)
	at lucee.runtime.listener.ModernAppListener._onRequest(ModernAppListener.java:218)
	at lucee.runtime.listener.MixedAppListener.onRequest(MixedAppListener.java:43)
	at lucee.runtime.PageContextImpl.execute(PageContextImpl.java:2464)
	at lucee.runtime.PageContextImpl._execute(PageContextImpl.java:2454)
	at lucee.runtime.PageContextImpl.executeCFML(PageContextImpl.java:2427)
	at lucee.runtime.engine.Request.exe(Request.java:44)
	at lucee.runtime.engine.CFMLEngineImpl._service(CFMLEngineImpl.java:1090)
	at lucee.runtime.engine.CFMLEngineImpl.serviceCFML(CFMLEngineImpl.java:1038)
	at lucee.loader.engine.CFMLEngineWrapper.serviceCFML(CFMLEngineWrapper.java:102)
	at lucee.loader.servlet.CFMLServlet.service(CFMLServlet.java:51)
	at javax.servlet.http.HttpServlet.service(HttpServlet.java:742)
	at org.apache.catalina.core.ApplicationFilterChain.internalDoFilter(ApplicationFilterChain.java:231)
	at org.apache.catalina.core.ApplicationFilterChain.doFilter(ApplicationFilterChain.java:166)
	at org.apache.tomcat.websocket.server.WsFilter.doFilter(WsFilter.java:52)
	at org.apache.catalina.core.ApplicationFilterChain.internalDoFilter(ApplicationFilterChain.java:193)
	at org.apache.catalina.core.ApplicationFilterChain.doFilter(ApplicationFilterChain.java:166)
	at org.apache.catalina.core.StandardWrapperValve.invoke(StandardWrapperValve.java:198)
	at org.apache.catalina.core.StandardContextValve.invoke(StandardContextValve.java:96)
	at org.apache.catalina.authenticator.AuthenticatorBase.invoke(AuthenticatorBase.java:493)
	at org.apache.catalina.core.StandardHostValve.invoke(StandardHostValve.java:140)
	at org.apache.catalina.valves.ErrorReportValve.invoke(ErrorReportValve.java:81)
	at org.apache.catalina.core.StandardEngineValve.invoke(StandardEngineValve.java:87)
	at org.apache.catalina.connector.CoyoteAdapter.service(CoyoteAdapter.java:342)
	at org.apache.coyote.ajp.AjpProcessor.service(AjpProcessor.java:479)
	at org.apache.coyote.AbstractProcessorLight.process(AbstractProcessorLight.java:66)
	at org.apache.coyote.AbstractProtocol$ConnectionHandler.process(AbstractProtocol.java:806)
	at org.apache.tomcat.util.net.NioEndpoint$SocketProcessor.doRun(NioEndpoint.java:1498)
	at org.apache.tomcat.util.net.SocketProcessorBase.run(SocketProcessorBase.java:49)
	at java.util.concurrent.ThreadPoolExecutor.runWorker(ThreadPoolExecutor.java:1149)
	at java.util.concurrent.ThreadPoolExecutor$Worker.run(ThreadPoolExecutor.java:624)
	at org.apache.tomcat.util.threads.TaskThread$WrappingRunnable.run(TaskThread.java:61)
	at java.lang.Thread.run(Thread.java:748)
"
"ERROR","ajp-nio-8009-exec-5","12/18/2018","09:05:31","",";Page /buglog/test.cfm [C:\Sites\Salonworks\www\buglog\test.cfm] not found;lucee.runtime.exp.MissingIncludeException: Page /buglog/test.cfm [C:\Sites\Salonworks\www\buglog\test.cfm] not found
	at lucee.runtime.PageSourceImpl.loadPage(PageSourceImpl.java:964)
	at lucee.runtime.PageContextImpl._doInclude(PageContextImpl.java:927)
	at lucee.runtime.PageContextImpl._doInclude(PageContextImpl.java:823)
	at lucee.runtime.listener.ModernAppListener._onRequest(ModernAppListener.java:218)
	at lucee.runtime.listener.MixedAppListener.onRequest(MixedAppListener.java:43)
	at lucee.runtime.PageContextImpl.execute(PageContextImpl.java:2464)
	at lucee.runtime.PageContextImpl._execute(PageContextImpl.java:2454)
	at lucee.runtime.PageContextImpl.executeCFML(PageContextImpl.java:2427)
	at lucee.runtime.engine.Request.exe(Request.java:44)
	at lucee.runtime.engine.CFMLEngineImpl._service(CFMLEngineImpl.java:1090)
	at lucee.runtime.engine.CFMLEngineImpl.serviceCFML(CFMLEngineImpl.java:1038)
	at lucee.loader.engine.CFMLEngineWrapper.serviceCFML(CFMLEngineWrapper.java:102)
	at lucee.loader.servlet.CFMLServlet.service(CFMLServlet.java:51)
	at javax.servlet.http.HttpServlet.service(HttpServlet.java:742)
	at org.apache.catalina.core.ApplicationFilterChain.internalDoFilter(ApplicationFilterChain.java:231)
	at org.apache.catalina.core.ApplicationFilterChain.doFilter(ApplicationFilterChain.java:166)
	at org.apache.tomcat.websocket.server.WsFilter.doFilter(WsFilter.java:52)
	at org.apache.catalina.core.ApplicationFilterChain.internalDoFilter(ApplicationFilterChain.java:193)
	at org.apache.catalina.core.ApplicationFilterChain.doFilter(ApplicationFilterChain.java:166)
	at org.apache.catalina.core.StandardWrapperValve.invoke(StandardWrapperValve.java:198)
	at org.apache.catalina.core.StandardContextValve.invoke(StandardContextValve.java:96)
	at org.apache.catalina.authenticator.AuthenticatorBase.invoke(AuthenticatorBase.java:493)
	at org.apache.catalina.core.StandardHostValve.invoke(StandardHostValve.java:140)
	at org.apache.catalina.valves.ErrorReportValve.invoke(ErrorReportValve.java:81)
	at org.apache.catalina.core.StandardEngineValve.invoke(StandardEngineValve.java:87)
	at org.apache.catalina.connector.CoyoteAdapter.service(CoyoteAdapter.java:342)
	at org.apache.coyote.ajp.AjpProcessor.service(AjpProcessor.java:479)
	at org.apache.coyote.AbstractProcessorLight.process(AbstractProcessorLight.java:66)
	at org.apache.coyote.AbstractProtocol$ConnectionHandler.process(AbstractProtocol.java:806)
	at org.apache.tomcat.util.net.NioEndpoint$SocketProcessor.doRun(NioEndpoint.java:1498)
	at org.apache.tomcat.util.net.SocketProcessorBase.run(SocketProcessorBase.java:49)
	at java.util.concurrent.ThreadPoolExecutor.runWorker(ThreadPoolExecutor.java:1149)
	at java.util.concurrent.ThreadPoolExecutor$Worker.run(ThreadPoolExecutor.java:624)
	at org.apache.tomcat.util.threads.TaskThread$WrappingRunnable.run(TaskThread.java:61)
	at java.lang.Thread.run(Thread.java:748)
"
"INFO","ajp-nio-8009-exec-4","12/21/2018","02:10:49","Instrumentation","not found [lucee.runtime.instrumentation.ExternalAgent] in ClassLoader [sun.misc.Launcher$AppClassLoader@c387f44]"
"INFO","ajp-nio-8009-exec-4","12/21/2018","02:10:49","Instrumentation","not found [lucee.runtime.instrumentation.ExternalAgent] in ClassLoader [java.net.URLClassLoader@2f2c9b19]"
"INFO","ajp-nio-8009-exec-4","12/21/2018","02:10:49","Instrumentation","not found [lucee.runtime.instrumentation.ExternalAgent] in ClassLoader [lucee.commons.io.res.util.ResourceClassLoader@4fd0e6ae]"
"INFO","ajp-nio-8009-exec-4","12/21/2018","02:10:49","Instrumentation","looking for tools.jar"
"INFO","ajp-nio-8009-exec-4","12/21/2018","02:10:49","Instrumentation","couldn't find tools.jar at: C:\lucee\jdk\jre\lib\tools.jar"
"INFO","ajp-nio-8009-exec-4","12/21/2018","02:10:49","Instrumentation","tools.jar used:C:\lucee\jdk\lib\tools.jar"
"INFO","ajp-nio-8009-exec-4","12/21/2018","02:10:49","Instrumentation","loaded VirtualMachine class:com.sun.tools.attach.VirtualMachine"
"INFO","ajp-nio-8009-exec-4","12/21/2018","02:10:49","Instrumentation","try to load agent (path:C:\lucee\tomcat\lucee-server\context\lucee-external-agent.jar)"
"INFO","ajp-nio-8009-exec-4","12/21/2018","02:10:49","Instrumentation","pid:2072"
"INFO","ajp-nio-8009-exec-4","12/21/2018","02:10:49","Instrumentation","found [lucee.runtime.instrumentation.ExternalAgent] in ClassLoader [sun.misc.Launcher$AppClassLoader@c387f44]"
"INFO","ajp-nio-8009-exec-4","12/21/2018","02:10:49","Instrumentation","ExternalAgent does contain a Instrumentation instance"
"INFO","ajp-nio-8009-exec-7","12/21/2018","02:57:47","OSGi","add bundle:C:\lucee\tomcat\lucee-server\bundles\com.microsoft.sqlserver.mssql-jdbc-6.2.2.jre8.jar"
"INFO","ajp-nio-8009-exec-7","12/21/2018","02:57:47","OSGi","start bundle:com.microsoft.sqlserver.mssql-jdbc:6.2.2.jre8"
"INFO","ajp-nio-8009-exec-6","12/21/2018","02:57:56","Instrumentation","not found [lucee.runtime.instrumentation.ExternalAgent] in ClassLoader [sun.misc.Launcher$AppClassLoader@c387f44]"
"INFO","ajp-nio-8009-exec-6","12/21/2018","02:57:56","Instrumentation","not found [lucee.runtime.instrumentation.ExternalAgent] in ClassLoader [java.net.URLClassLoader@2f2c9b19]"
"INFO","ajp-nio-8009-exec-6","12/21/2018","02:57:56","Instrumentation","not found [lucee.runtime.instrumentation.ExternalAgent] in ClassLoader [lucee.commons.io.res.util.ResourceClassLoader@5188ccf1]"
"INFO","ajp-nio-8009-exec-6","12/21/2018","02:57:56","Instrumentation","looking for tools.jar"
"INFO","ajp-nio-8009-exec-6","12/21/2018","02:57:56","Instrumentation","couldn't find tools.jar at: C:\lucee\jdk\jre\lib\tools.jar"
"INFO","ajp-nio-8009-exec-6","12/21/2018","02:57:56","Instrumentation","tools.jar used:C:\lucee\jdk\lib\tools.jar"
"INFO","ajp-nio-8009-exec-6","12/21/2018","02:57:56","Instrumentation","loaded VirtualMachine class:com.sun.tools.attach.VirtualMachine"
"INFO","ajp-nio-8009-exec-6","12/21/2018","02:57:56","Instrumentation","try to load agent (path:C:\lucee\tomcat\lucee-server\context\lucee-external-agent.jar)"
"INFO","ajp-nio-8009-exec-6","12/21/2018","02:57:56","Instrumentation","pid:1484"
"INFO","ajp-nio-8009-exec-6","12/21/2018","02:57:56","Instrumentation","found [lucee.runtime.instrumentation.ExternalAgent] in ClassLoader [sun.misc.Launcher$AppClassLoader@c387f44]"
"INFO","ajp-nio-8009-exec-6","12/21/2018","02:57:56","Instrumentation","ExternalAgent does contain a Instrumentation instance"
"INFO","ajp-nio-8009-exec-4","12/26/2018","23:04:41","Instrumentation","not found [lucee.runtime.instrumentation.ExternalAgent] in ClassLoader [sun.misc.Launcher$AppClassLoader@c387f44]"
"INFO","ajp-nio-8009-exec-4","12/26/2018","23:04:42","Instrumentation","not found [lucee.runtime.instrumentation.ExternalAgent] in ClassLoader [java.net.URLClassLoader@2f2c9b19]"
"INFO","ajp-nio-8009-exec-4","12/26/2018","23:04:42","Instrumentation","not found [lucee.runtime.instrumentation.ExternalAgent] in ClassLoader [lucee.commons.io.res.util.ResourceClassLoader@26e941d]"
"INFO","ajp-nio-8009-exec-4","12/26/2018","23:04:42","Instrumentation","looking for tools.jar"
"INFO","ajp-nio-8009-exec-4","12/26/2018","23:04:42","Instrumentation","couldn't find tools.jar at: C:\lucee\jdk\jre\lib\tools.jar"
"INFO","ajp-nio-8009-exec-4","12/26/2018","23:04:42","Instrumentation","tools.jar used:C:\lucee\jdk\lib\tools.jar"
"INFO","ajp-nio-8009-exec-4","12/26/2018","23:04:42","Instrumentation","loaded VirtualMachine class:com.sun.tools.attach.VirtualMachine"
"INFO","ajp-nio-8009-exec-4","12/26/2018","23:04:42","Instrumentation","try to load agent (path:C:\lucee\tomcat\lucee-server\context\lucee-external-agent.jar)"
"INFO","ajp-nio-8009-exec-4","12/26/2018","23:04:42","Instrumentation","pid:2052"
"INFO","ajp-nio-8009-exec-4","12/26/2018","23:04:42","Instrumentation","found [lucee.runtime.instrumentation.ExternalAgent] in ClassLoader [sun.misc.Launcher$AppClassLoader@c387f44]"
"INFO","ajp-nio-8009-exec-4","12/26/2018","23:04:42","Instrumentation","ExternalAgent does contain a Instrumentation instance"
"INFO","ajp-nio-8009-exec-10","12/30/2018","22:33:22","OSGi","add bundle:C:\lucee\tomcat\lucee-server\bundles\com.microsoft.sqlserver.mssql-jdbc-6.2.2.jre8.jar"
"INFO","ajp-nio-8009-exec-10","12/30/2018","22:33:22","OSGi","start bundle:com.microsoft.sqlserver.mssql-jdbc:6.2.2.jre8"
"INFO","ajp-nio-8009-exec-5","01/01/2019","03:02:22","Instrumentation","not found [lucee.runtime.instrumentation.ExternalAgent] in ClassLoader [sun.misc.Launcher$AppClassLoader@c387f44]"
"INFO","ajp-nio-8009-exec-5","01/01/2019","03:02:22","Instrumentation","not found [lucee.runtime.instrumentation.ExternalAgent] in ClassLoader [java.net.URLClassLoader@2f2c9b19]"
"INFO","ajp-nio-8009-exec-5","01/01/2019","03:02:22","Instrumentation","not found [lucee.runtime.instrumentation.ExternalAgent] in ClassLoader [lucee.commons.io.res.util.ResourceClassLoader@5ed63c20]"
"INFO","ajp-nio-8009-exec-5","01/01/2019","03:02:22","Instrumentation","looking for tools.jar"
"INFO","ajp-nio-8009-exec-5","01/01/2019","03:02:22","Instrumentation","couldn't find tools.jar at: C:\lucee\jdk\jre\lib\tools.jar"
"INFO","ajp-nio-8009-exec-5","01/01/2019","03:02:22","Instrumentation","tools.jar used:C:\lucee\jdk\lib\tools.jar"
"INFO","ajp-nio-8009-exec-5","01/01/2019","03:02:22","Instrumentation","loaded VirtualMachine class:com.sun.tools.attach.VirtualMachine"
"INFO","ajp-nio-8009-exec-5","01/01/2019","03:02:22","Instrumentation","try to load agent (path:C:\lucee\tomcat\lucee-server\context\lucee-external-agent.jar)"
"INFO","ajp-nio-8009-exec-5","01/01/2019","03:02:22","Instrumentation","pid:1864"
"INFO","ajp-nio-8009-exec-5","01/01/2019","03:02:22","Instrumentation","found [lucee.runtime.instrumentation.ExternalAgent] in ClassLoader [sun.misc.Launcher$AppClassLoader@c387f44]"
"INFO","ajp-nio-8009-exec-5","01/01/2019","03:02:22","Instrumentation","ExternalAgent does contain a Instrumentation instance"
"INFO","ajp-nio-8009-exec-3","01/03/2019","07:04:04","Instrumentation","not found [lucee.runtime.instrumentation.ExternalAgent] in ClassLoader [sun.misc.Launcher$AppClassLoader@c387f44]"
"INFO","ajp-nio-8009-exec-3","01/03/2019","07:04:04","Instrumentation","not found [lucee.runtime.instrumentation.ExternalAgent] in ClassLoader [java.net.URLClassLoader@2f2c9b19]"
"INFO","ajp-nio-8009-exec-3","01/03/2019","07:04:04","Instrumentation","not found [lucee.runtime.instrumentation.ExternalAgent] in ClassLoader [lucee.commons.io.res.util.ResourceClassLoader@190d0552]"
"INFO","ajp-nio-8009-exec-3","01/03/2019","07:04:04","Instrumentation","looking for tools.jar"
"INFO","ajp-nio-8009-exec-3","01/03/2019","07:04:04","Instrumentation","couldn't find tools.jar at: C:\lucee\jdk\jre\lib\tools.jar"
"INFO","ajp-nio-8009-exec-3","01/03/2019","07:04:04","Instrumentation","tools.jar used:C:\lucee\jdk\lib\tools.jar"
"INFO","ajp-nio-8009-exec-3","01/03/2019","07:04:04","Instrumentation","loaded VirtualMachine class:com.sun.tools.attach.VirtualMachine"
"INFO","ajp-nio-8009-exec-3","01/03/2019","07:04:04","Instrumentation","try to load agent (path:C:\lucee\tomcat\lucee-server\context\lucee-external-agent.jar)"
"INFO","ajp-nio-8009-exec-3","01/03/2019","07:04:04","Instrumentation","pid:2084"
"INFO","ajp-nio-8009-exec-3","01/03/2019","07:04:05","Instrumentation","found [lucee.runtime.instrumentation.ExternalAgent] in ClassLoader [sun.misc.Launcher$AppClassLoader@c387f44]"
"INFO","ajp-nio-8009-exec-3","01/03/2019","07:04:05","Instrumentation","ExternalAgent does contain a Instrumentation instance"
"INFO","ajp-nio-8009-exec-3","01/03/2019","07:04:05","OSGi","add bundle:C:\lucee\tomcat\lucee-server\bundles\com.microsoft.sqlserver.mssql-jdbc-6.2.2.jre8.jar"
"INFO","ajp-nio-8009-exec-3","01/03/2019","07:04:05","OSGi","start bundle:com.microsoft.sqlserver.mssql-jdbc:6.2.2.jre8"
"ERROR","ajp-nio-8009-exec-3","01/09/2019","04:26:58","",";Login failed for user 'sperico'. ClientConnectionId:3013c679-c41b-4425-98ee-9f89cfd659c5;lucee.runtime.exp.DatabaseException: Login failed for user 'sperico'. ClientConnectionId:3013c679-c41b-4425-98ee-9f89cfd659c5
	at com.microsoft.sqlserver.jdbc.SQLServerException.makeFromDatabaseError(SQLServerException.java:258)
	at com.microsoft.sqlserver.jdbc.TDSTokenHandler.onEOF(tdsparser.java:256)
	at com.microsoft.sqlserver.jdbc.TDSParser.parse(tdsparser.java:108)
	at com.microsoft.sqlserver.jdbc.SQLServerConnection.sendLogon(SQLServerConnection.java:4290)
	at com.microsoft.sqlserver.jdbc.SQLServerConnection.logon(SQLServerConnection.java:3157)
	at com.microsoft.sqlserver.jdbc.SQLServerConnection.access$100(SQLServerConnection.java:82)
	at com.microsoft.sqlserver.jdbc.SQLServerConnection$LogonCommand.doExecute(SQLServerConnection.java:3121)
	at com.microsoft.sqlserver.jdbc.TDSCommand.execute(IOBuffer.java:7151)
	at com.microsoft.sqlserver.jdbc.SQLServerConnection.executeCommand(SQLServerConnection.java:2478)
	at com.microsoft.sqlserver.jdbc.SQLServerConnection.connectHelper(SQLServerConnection.java:2026)
	at com.microsoft.sqlserver.jdbc.SQLServerConnection.login(SQLServerConnection.java:1687)
	at com.microsoft.sqlserver.jdbc.SQLServerConnection.connectInternal(SQLServerConnection.java:1528)
	at com.microsoft.sqlserver.jdbc.SQLServerConnection.connect(SQLServerConnection.java:866)
	at com.microsoft.sqlserver.jdbc.SQLServerDriver.connect(SQLServerDriver.java:569)
	at lucee.runtime.db.DataSourceSupport._getConnection(DataSourceSupport.java:106)
	at lucee.runtime.db.DataSourceSupport.getConnection(DataSourceSupport.java:86)
	at lucee.runtime.db.DatasourceConnectionPool.loadDatasourceConnection(DatasourceConnectionPool.java:141)
	at lucee.runtime.db.DatasourceConnectionPool.getDatasourceConnection(DatasourceConnectionPool.java:105)
	at lucee.runtime.db.DatasourceManagerImpl.getConnection(DatasourceManagerImpl.java:75)
	at lucee.runtime.tag.Query.executeDatasoure(Query.java:932)
	at lucee.runtime.tag.Query.doEndTag(Query.java:700)
	at components.lib.dao.dbdataprovider_cfc$cf.udfCall(/bugLog/components/lib/dao/dbDataProvider.cfc:41)
	at lucee.runtime.type.UDFImpl.implementation(UDFImpl.java:107)
	at lucee.runtime.type.UDFImpl._call(UDFImpl.java:357)
	at lucee.runtime.type.UDFImpl.call(UDFImpl.java:226)
	at lucee.runtime.ComponentImpl._call(ComponentImpl.java:693)
	at lucee.runtime.ComponentImpl._call(ComponentImpl.java:573)
	at lucee.runtime.ComponentImpl.call(ComponentImpl.java:1997)
	at lucee.runtime.util.VariableUtilImpl.callFunctionWithoutNamedValues(VariableUtilImpl.java:756)
	at lucee.runtime.PageContextImpl.getFunction(PageContextImpl.java:1718)
	at components.lib.dao.dao_cfc$cf.udfCall1(/bugLog/components/lib/dao/DAO.cfc:35)
	at components.lib.dao.dao_cfc$cf.udfCall(/bugLog/components/lib/dao/DAO.cfc)
	at lucee.runtime.type.UDFImpl.implementation(UDFImpl.java:107)
	at lucee.runtime.type.UDFImpl._call(UDFImpl.java:357)
	at lucee.runtime.type.UDFImpl.call(UDFImpl.java:226)
	at lucee.runtime.ComponentImpl._call(ComponentImpl.java:693)
	at lucee.runtime.ComponentImpl._call(ComponentImpl.java:573)
	at lucee.runtime.ComponentImpl.call(ComponentImpl.java:1997)
	at lucee.runtime.util.VariableUtilImpl.callFunctionWithoutNamedValues(VariableUtilImpl.java:756)
	at lucee.runtime.PageContextImpl.getFunction(PageContextImpl.java:1718)
	at components.extensionsservice_cfc$cf.udfCall1(/bugLog/components/extensionsService.cfc:16)
	at components.extensionsservice_cfc$cf.udfCall(/bugLog/components/extensionsService.cfc)
	at lucee.runtime.type.UDFImpl.implementation(UDFImpl.java:107)
	at lucee.runtime.type.UDFImpl._call(UDFImpl.java:357)
	at lucee.runtime.type.UDFImpl.call(UDFImpl.java:226)
	at lucee.runtime.ComponentImpl._call(ComponentImpl.java:693)
	at lucee.runtime.ComponentImpl._call(ComponentImpl.java:573)
	at lucee.runtime.ComponentImpl.call(ComponentImpl.java:1997)
	at lucee.runtime.util.VariableUtilImpl.callFunctionWithoutNamedValues(VariableUtilImpl.java:756)
	at lucee.runtime.PageContextImpl.getFunction(PageContextImpl.java:1718)
	at components.bugloglistener_cfc$cf.udfCall2(/bugLog/components/bugLogListener.cfc:404)
	at components.bugloglistener_cfc$cf.udfCall(/bugLog/components/bugLogListener.cfc)
	at lucee.runtime.type.UDFImpl.implementation(UDFImpl.java:107)
	at lucee.runtime.type.UDFImpl._call(UDFImpl.java:357)
	at lucee.runtime.type.UDFImpl.call(UDFImpl.java:226)
	at lucee.runtime.type.scope.UndefinedImpl.call(UndefinedImpl.java:803)
	at lucee.runtime.util.VariableUtilImpl.callFunctionWithoutNamedValues(VariableUtilImpl.java:756)
	at lucee.runtime.PageContextImpl.getFunction(PageContextImpl.java:1718)
	at components.bugloglistener_cfc$cf.udfCall1(/bugLog/components/bugLogListener.cfc:63)
	at components.bugloglistener_cfc$cf.udfCall(/bugLog/components/bugLogListener.cfc)
	at lucee.runtime.type.UDFImpl.implementation(UDFImpl.java:107)
	at lucee.runtime.type.UDFImpl._call(UDFImpl.java:357)
	at lucee.runtime.type.UDFImpl.call(UDFImpl.java:226)
	at lucee.runtime.ComponentImpl._call(ComponentImpl.java:693)
	at lucee.runtime.ComponentImpl._call(ComponentImpl.java:581)
	at lucee.runtime.SuperComponent.call(SuperComponent.java:82)
	at lucee.runtime.util.VariableUtilImpl.callFunctionWithoutNamedValues(VariableUtilImpl.java:756)
	at lucee.runtime.PageContextImpl.getFunction(PageContextImpl.java:1718)
	at components.bugloglistenerasync_cfc$cf.udfCall(/bugLog/components/bugLogListenerAsync.cfc:21)
	at lucee.runtime.type.UDFImpl.implementation(UDFImpl.java:107)
	at lucee.runtime.type.UDFImpl._call(UDFImpl.java:357)
	at lucee.runtime.type.UDFImpl.call(UDFImpl.java:226)
	at lucee.runtime.ComponentImpl._call(ComponentImpl.java:693)
	at lucee.runtime.ComponentImpl._call(ComponentImpl.java:573)
	at lucee.runtime.ComponentImpl.call(ComponentImpl.java:1997)
	at lucee.runtime.util.VariableUtilImpl.callFunctionWithoutNamedValues(VariableUtilImpl.java:756)
	at lucee.runtime.PageContextImpl.getFunction(PageContextImpl.java:1718)
	at components.service_cfc$cf.udfCall2(/bugLog/components/service.cfc:109)
	at components.service_cfc$cf.udfCall(/bugLog/components/service.cfc)
	at lucee.runtime.type.UDFImpl.implementation(UDFImpl.java:107)
	at lucee.runtime.type.UDFImpl._call(UDFImpl.java:357)
	at lucee.runtime.type.UDFImpl.call(UDFImpl.java:226)
	at lucee.runtime.type.scope.UndefinedImpl.call(UndefinedImpl.java:803)
	at lucee.runtime.util.VariableUtilImpl.callFunctionWithoutNamedValues(VariableUtilImpl.java:756)
	at lucee.runtime.PageContextImpl.getFunction(PageContextImpl.java:1718)
	at components.service_cfc$cf.udfCall1(/bugLog/components/service.cfc:41)
	at components.service_cfc$cf.udfCall(/bugLog/components/service.cfc)
	at lucee.runtime.type.UDFImpl.implementation(UDFImpl.java:107)
	at lucee.runtime.type.UDFImpl._call(UDFImpl.java:357)
	at lucee.runtime.type.UDFImpl.call(UDFImpl.java:226)
	at lucee.runtime.ComponentImpl._call(ComponentImpl.java:693)
	at lucee.runtime.ComponentImpl._call(ComponentImpl.java:573)
	at lucee.runtime.ComponentImpl.call(ComponentImpl.java:1997)
	at lucee.runtime.util.VariableUtilImpl.callFunctionWithoutNamedValues(VariableUtilImpl.java:756)
	at lucee.runtime.PageContextImpl.getFunction(PageContextImpl.java:1718)
	at buglog.test.service_cfm$cf.call(/buglog/test/service.cfm:34)
	at lucee.runtime.PageContextImpl._doInclude(PageContextImpl.java:933)
	at lucee.runtime.PageContextImpl._doInclude(PageContextImpl.java:823)
	at lucee.runtime.listener.ModernAppListener._onRequest(ModernAppListener.java:218)
	at lucee.runtime.listener.MixedAppListener.onRequest(MixedAppListener.java:43)
	at lucee.runtime.PageContextImpl.execute(PageContextImpl.java:2464)
	at lucee.runtime.PageContextImpl._execute(PageContextImpl.java:2454)
	at lucee.runtime.PageContextImpl.executeCFML(PageContextImpl.java:2427)
	at lucee.runtime.engine.Request.exe(Request.java:44)
	at lucee.runtime.engine.CFMLEngineImpl._service(CFMLEngineImpl.java:1090)
	at lucee.runtime.engine.CFMLEngineImpl.serviceCFML(CFMLEngineImpl.java:1038)
	at lucee.loader.engine.CFMLEngineWrapper.serviceCFML(CFMLEngineWrapper.java:102)
	at lucee.loader.servlet.CFMLServlet.service(CFMLServlet.java:51)
	at javax.servlet.http.HttpServlet.service(HttpServlet.java:742)
	at org.apache.catalina.core.ApplicationFilterChain.internalDoFilter(ApplicationFilterChain.java:231)
	at org.apache.catalina.core.ApplicationFilterChain.doFilter(ApplicationFilterChain.java:166)
	at org.apache.tomcat.websocket.server.WsFilter.doFilter(WsFilter.java:52)
	at org.apache.catalina.core.ApplicationFilterChain.internalDoFilter(ApplicationFilterChain.java:193)
	at org.apache.catalina.core.ApplicationFilterChain.doFilter(ApplicationFilterChain.java:166)
	at org.apache.catalina.core.StandardWrapperValve.invoke(StandardWrapperValve.java:198)
	at org.apache.catalina.core.StandardContextValve.invoke(StandardContextValve.java:96)
	at org.apache.catalina.authenticator.AuthenticatorBase.invoke(AuthenticatorBase.java:493)
	at org.apache.catalina.core.StandardHostValve.invoke(StandardHostValve.java:140)
	at org.apache.catalina.valves.ErrorReportValve.invoke(ErrorReportValve.java:81)
	at org.apache.catalina.core.StandardEngineValve.invoke(StandardEngineValve.java:87)
	at org.apache.catalina.connector.CoyoteAdapter.service(CoyoteAdapter.java:342)
	at org.apache.coyote.ajp.AjpProcessor.service(AjpProcessor.java:479)
	at org.apache.coyote.AbstractProcessorLight.process(AbstractProcessorLight.java:66)
	at org.apache.coyote.AbstractProtocol$ConnectionHandler.process(AbstractProtocol.java:806)
	at org.apache.tomcat.util.net.NioEndpoint$SocketProcessor.doRun(NioEndpoint.java:1498)
	at org.apache.tomcat.util.net.SocketProcessorBase.run(SocketProcessorBase.java:49)
	at java.util.concurrent.ThreadPoolExecutor.runWorker(ThreadPoolExecutor.java:1149)
	at java.util.concurrent.ThreadPoolExecutor$Worker.run(ThreadPoolExecutor.java:624)
	at org.apache.tomcat.util.threads.TaskThread$WrappingRunnable.run(TaskThread.java:61)
	at java.lang.Thread.run(Thread.java:748)
"
"ERROR","ajp-nio-8009-exec-2","01/09/2019","04:28:24","",";Login failed for user 'sperico'. ClientConnectionId:2d2f7c80-4fc9-48b2-9862-d60658c38c56;lucee.runtime.exp.DatabaseException: Login failed for user 'sperico'. ClientConnectionId:2d2f7c80-4fc9-48b2-9862-d60658c38c56
	at com.microsoft.sqlserver.jdbc.SQLServerException.makeFromDatabaseError(SQLServerException.java:258)
	at com.microsoft.sqlserver.jdbc.TDSTokenHandler.onEOF(tdsparser.java:256)
	at com.microsoft.sqlserver.jdbc.TDSParser.parse(tdsparser.java:108)
	at com.microsoft.sqlserver.jdbc.SQLServerConnection.sendLogon(SQLServerConnection.java:4290)
	at com.microsoft.sqlserver.jdbc.SQLServerConnection.logon(SQLServerConnection.java:3157)
	at com.microsoft.sqlserver.jdbc.SQLServerConnection.access$100(SQLServerConnection.java:82)
	at com.microsoft.sqlserver.jdbc.SQLServerConnection$LogonCommand.doExecute(SQLServerConnection.java:3121)
	at com.microsoft.sqlserver.jdbc.TDSCommand.execute(IOBuffer.java:7151)
	at com.microsoft.sqlserver.jdbc.SQLServerConnection.executeCommand(SQLServerConnection.java:2478)
	at com.microsoft.sqlserver.jdbc.SQLServerConnection.connectHelper(SQLServerConnection.java:2026)
	at com.microsoft.sqlserver.jdbc.SQLServerConnection.login(SQLServerConnection.java:1687)
	at com.microsoft.sqlserver.jdbc.SQLServerConnection.connectInternal(SQLServerConnection.java:1528)
	at com.microsoft.sqlserver.jdbc.SQLServerConnection.connect(SQLServerConnection.java:866)
	at com.microsoft.sqlserver.jdbc.SQLServerDriver.connect(SQLServerDriver.java:569)
	at lucee.runtime.db.DataSourceSupport._getConnection(DataSourceSupport.java:106)
	at lucee.runtime.db.DataSourceSupport.getConnection(DataSourceSupport.java:86)
	at lucee.runtime.db.DatasourceConnectionPool.loadDatasourceConnection(DatasourceConnectionPool.java:141)
	at lucee.runtime.db.DatasourceConnectionPool.getDatasourceConnection(DatasourceConnectionPool.java:105)
	at lucee.runtime.db.DatasourceManagerImpl.getConnection(DatasourceManagerImpl.java:75)
	at lucee.runtime.tag.Query.executeDatasoure(Query.java:932)
	at lucee.runtime.tag.Query.doEndTag(Query.java:700)
	at components.lib.dao.dbdataprovider_cfc$cf.udfCall(/bugLog/components/lib/dao/dbDataProvider.cfc:41)
	at lucee.runtime.type.UDFImpl.implementation(UDFImpl.java:107)
	at lucee.runtime.type.UDFImpl._call(UDFImpl.java:357)
	at lucee.runtime.type.UDFImpl.call(UDFImpl.java:226)
	at lucee.runtime.ComponentImpl._call(ComponentImpl.java:693)
	at lucee.runtime.ComponentImpl._call(ComponentImpl.java:573)
	at lucee.runtime.ComponentImpl.call(ComponentImpl.java:1997)
	at lucee.runtime.util.VariableUtilImpl.callFunctionWithoutNamedValues(VariableUtilImpl.java:756)
	at lucee.runtime.PageContextImpl.getFunction(PageContextImpl.java:1718)
	at components.lib.dao.dao_cfc$cf.udfCall1(/bugLog/components/lib/dao/DAO.cfc:35)
	at components.lib.dao.dao_cfc$cf.udfCall(/bugLog/components/lib/dao/DAO.cfc)
	at lucee.runtime.type.UDFImpl.implementation(UDFImpl.java:107)
	at lucee.runtime.type.UDFImpl._call(UDFImpl.java:357)
	at lucee.runtime.type.UDFImpl.call(UDFImpl.java:226)
	at lucee.runtime.ComponentImpl._call(ComponentImpl.java:693)
	at lucee.runtime.ComponentImpl._call(ComponentImpl.java:573)
	at lucee.runtime.ComponentImpl.call(ComponentImpl.java:1997)
	at lucee.runtime.util.VariableUtilImpl.callFunctionWithoutNamedValues(VariableUtilImpl.java:756)
	at lucee.runtime.PageContextImpl.getFunction(PageContextImpl.java:1718)
	at components.extensionsservice_cfc$cf.udfCall1(/bugLog/components/extensionsService.cfc:16)
	at components.extensionsservice_cfc$cf.udfCall(/bugLog/components/extensionsService.cfc)
	at lucee.runtime.type.UDFImpl.implementation(UDFImpl.java:107)
	at lucee.runtime.type.UDFImpl._call(UDFImpl.java:357)
	at lucee.runtime.type.UDFImpl.call(UDFImpl.java:226)
	at lucee.runtime.ComponentImpl._call(ComponentImpl.java:693)
	at lucee.runtime.ComponentImpl._call(ComponentImpl.java:573)
	at lucee.runtime.ComponentImpl.call(ComponentImpl.java:1997)
	at lucee.runtime.util.VariableUtilImpl.callFunctionWithoutNamedValues(VariableUtilImpl.java:756)
	at lucee.runtime.PageContextImpl.getFunction(PageContextImpl.java:1718)
	at components.bugloglistener_cfc$cf.udfCall2(/bugLog/components/bugLogListener.cfc:404)
	at components.bugloglistener_cfc$cf.udfCall(/bugLog/components/bugLogListener.cfc)
	at lucee.runtime.type.UDFImpl.implementation(UDFImpl.java:107)
	at lucee.runtime.type.UDFImpl._call(UDFImpl.java:357)
	at lucee.runtime.type.UDFImpl.call(UDFImpl.java:226)
	at lucee.runtime.type.scope.UndefinedImpl.call(UndefinedImpl.java:803)
	at lucee.runtime.util.VariableUtilImpl.callFunctionWithoutNamedValues(VariableUtilImpl.java:756)
	at lucee.runtime.PageContextImpl.getFunction(PageContextImpl.java:1718)
	at components.bugloglistener_cfc$cf.udfCall1(/bugLog/components/bugLogListener.cfc:63)
	at components.bugloglistener_cfc$cf.udfCall(/bugLog/components/bugLogListener.cfc)
	at lucee.runtime.type.UDFImpl.implementation(UDFImpl.java:107)
	at lucee.runtime.type.UDFImpl._call(UDFImpl.java:357)
	at lucee.runtime.type.UDFImpl.call(UDFImpl.java:226)
	at lucee.runtime.ComponentImpl._call(ComponentImpl.java:693)
	at lucee.runtime.ComponentImpl._call(ComponentImpl.java:581)
	at lucee.runtime.SuperComponent.call(SuperComponent.java:82)
	at lucee.runtime.util.VariableUtilImpl.callFunctionWithoutNamedValues(VariableUtilImpl.java:756)
	at lucee.runtime.PageContextImpl.getFunction(PageContextImpl.java:1718)
	at components.bugloglistenerasync_cfc$cf.udfCall(/bugLog/components/bugLogListenerAsync.cfc:21)
	at lucee.runtime.type.UDFImpl.implementation(UDFImpl.java:107)
	at lucee.runtime.type.UDFImpl._call(UDFImpl.java:357)
	at lucee.runtime.type.UDFImpl.call(UDFImpl.java:226)
	at lucee.runtime.ComponentImpl._call(ComponentImpl.java:693)
	at lucee.runtime.ComponentImpl._call(ComponentImpl.java:573)
	at lucee.runtime.ComponentImpl.call(ComponentImpl.java:1997)
	at lucee.runtime.util.VariableUtilImpl.callFunctionWithoutNamedValues(VariableUtilImpl.java:756)
	at lucee.runtime.PageContextImpl.getFunction(PageContextImpl.java:1718)
	at components.service_cfc$cf.udfCall2(/bugLog/components/service.cfc:109)
	at components.service_cfc$cf.udfCall(/bugLog/components/service.cfc)
	at lucee.runtime.type.UDFImpl.implementation(UDFImpl.java:107)
	at lucee.runtime.type.UDFImpl._call(UDFImpl.java:357)
	at lucee.runtime.type.UDFImpl.call(UDFImpl.java:226)
	at lucee.runtime.type.scope.UndefinedImpl.call(UndefinedImpl.java:803)
	at lucee.runtime.util.VariableUtilImpl.callFunctionWithoutNamedValues(VariableUtilImpl.java:756)
	at lucee.runtime.PageContextImpl.getFunction(PageContextImpl.java:1718)
	at components.service_cfc$cf.udfCall1(/bugLog/components/service.cfc:51)
	at components.service_cfc$cf.udfCall(/bugLog/components/service.cfc)
	at lucee.runtime.type.UDFImpl.implementation(UDFImpl.java:107)
	at lucee.runtime.type.UDFImpl._call(UDFImpl.java:357)
	at lucee.runtime.type.UDFImpl.call(UDFImpl.java:226)
	at lucee.runtime.ComponentImpl._call(ComponentImpl.java:693)
	at lucee.runtime.ComponentImpl._call(ComponentImpl.java:573)
	at lucee.runtime.ComponentImpl.call(ComponentImpl.java:1997)
	at lucee.runtime.util.VariableUtilImpl.callFunctionWithoutNamedValues(VariableUtilImpl.java:756)
	at lucee.runtime.PageContextImpl.getFunction(PageContextImpl.java:1718)
	at buglog.listeners.listener_cfc$cf.udfCall(/buglog/listeners/listener.cfc:50)
	at lucee.runtime.type.UDFImpl.implementation(UDFImpl.java:107)
	at lucee.runtime.type.UDFImpl._call(UDFImpl.java:357)
	at lucee.runtime.type.UDFImpl.callWithNamedValues(UDFImpl.java:212)
	at lucee.runtime.ComponentImpl._call(ComponentImpl.java:695)
	at lucee.runtime.ComponentImpl._call(ComponentImpl.java:573)
	at lucee.runtime.ComponentImpl.callWithNamedValues(ComponentImpl.java:2010)
	at lucee.runtime.tag.Invoke.doComponent(Invoke.java:221)
	at lucee.runtime.tag.Invoke.doEndTag(Invoke.java:194)
	at buglog.listeners.bugloglistenerrest_cfm$cf.call(/buglog/listeners/bugLogListenerREST.cfm:70)
	at lucee.runtime.PageContextImpl._doInclude(PageContextImpl.java:933)
	at lucee.runtime.PageContextImpl._doInclude(PageContextImpl.java:823)
	at lucee.runtime.listener.ModernAppListener._onRequest(ModernAppListener.java:218)
	at lucee.runtime.listener.MixedAppListener.onRequest(MixedAppListener.java:43)
	at lucee.runtime.PageContextImpl.execute(PageContextImpl.java:2464)
	at lucee.runtime.PageContextImpl._execute(PageContextImpl.java:2454)
	at lucee.runtime.PageContextImpl.executeCFML(PageContextImpl.java:2427)
	at lucee.runtime.engine.Request.exe(Request.java:44)
	at lucee.runtime.engine.CFMLEngineImpl._service(CFMLEngineImpl.java:1090)
	at lucee.runtime.engine.CFMLEngineImpl.serviceCFML(CFMLEngineImpl.java:1038)
	at lucee.loader.engine.CFMLEngineWrapper.serviceCFML(CFMLEngineWrapper.java:102)
	at lucee.loader.servlet.CFMLServlet.service(CFMLServlet.java:51)
	at javax.servlet.http.HttpServlet.service(HttpServlet.java:742)
	at org.apache.catalina.core.ApplicationFilterChain.internalDoFilter(ApplicationFilterChain.java:231)
	at org.apache.catalina.core.ApplicationFilterChain.doFilter(ApplicationFilterChain.java:166)
	at org.apache.tomcat.websocket.server.WsFilter.doFilter(WsFilter.java:52)
	at org.apache.catalina.core.ApplicationFilterChain.internalDoFilter(ApplicationFilterChain.java:193)
	at org.apache.catalina.core.ApplicationFilterChain.doFilter(ApplicationFilterChain.java:166)
	at org.apache.catalina.core.StandardWrapperValve.invoke(StandardWrapperValve.java:198)
	at org.apache.catalina.core.StandardContextValve.invoke(StandardContextValve.java:96)
	at org.apache.catalina.authenticator.AuthenticatorBase.invoke(AuthenticatorBase.java:493)
	at org.apache.catalina.core.StandardHostValve.invoke(StandardHostValve.java:140)
	at org.apache.catalina.valves.ErrorReportValve.invoke(ErrorReportValve.java:81)
	at org.apache.catalina.core.StandardEngineValve.invoke(StandardEngineValve.java:87)
	at org.apache.catalina.connector.CoyoteAdapter.service(CoyoteAdapter.java:342)
	at org.apache.coyote.ajp.AjpProcessor.service(AjpProcessor.java:479)
	at org.apache.coyote.AbstractProcessorLight.process(AbstractProcessorLight.java:66)
	at org.apache.coyote.AbstractProtocol$ConnectionHandler.process(AbstractProtocol.java:806)
	at org.apache.tomcat.util.net.NioEndpoint$SocketProcessor.doRun(NioEndpoint.java:1498)
	at org.apache.tomcat.util.net.SocketProcessorBase.run(SocketProcessorBase.java:49)
	at java.util.concurrent.ThreadPoolExecutor.runWorker(ThreadPoolExecutor.java:1149)
	at java.util.concurrent.ThreadPoolExecutor$Worker.run(ThreadPoolExecutor.java:624)
	at org.apache.tomcat.util.threads.TaskThread$WrappingRunnable.run(TaskThread.java:61)
	at java.lang.Thread.run(Thread.java:748)
"
"ERROR","ajp-nio-8009-exec-9","01/09/2019","04:28:24","",";500 Internal Server Error;lucee.runtime.exp.HTTPException: 500 Internal Server Error
	at lucee.runtime.tag.Http._doEndTag(Http.java:1411)
	at lucee.runtime.tag.Http.doEndTag(Http.java:710)
	at buglog.client.buglogservice_cfc$cf.udfCall1(/buglog/client/bugLogService.cfc:205)
	at buglog.client.buglogservice_cfc$cf.udfCall(/buglog/client/bugLogService.cfc)
	at lucee.runtime.type.UDFImpl.implementation(UDFImpl.java:107)
	at lucee.runtime.type.UDFImpl._call(UDFImpl.java:357)
	at lucee.runtime.type.UDFImpl.call(UDFImpl.java:226)
	at lucee.runtime.ComponentImpl._call(ComponentImpl.java:693)
	at lucee.runtime.ComponentImpl._call(ComponentImpl.java:573)
	at lucee.runtime.ComponentImpl.call(ComponentImpl.java:1997)
	at lucee.runtime.util.VariableUtilImpl.callFunctionWithoutNamedValues(VariableUtilImpl.java:756)
	at lucee.runtime.PageContextImpl.getFunction(PageContextImpl.java:1718)
	at buglog.test.client_cfm$cf.call(/buglog/test/client.cfm:90)
	at lucee.runtime.PageContextImpl._doInclude(PageContextImpl.java:933)
	at lucee.runtime.PageContextImpl._doInclude(PageContextImpl.java:823)
	at lucee.runtime.listener.ModernAppListener._onRequest(ModernAppListener.java:218)
	at lucee.runtime.listener.MixedAppListener.onRequest(MixedAppListener.java:43)
	at lucee.runtime.PageContextImpl.execute(PageContextImpl.java:2464)
	at lucee.runtime.PageContextImpl._execute(PageContextImpl.java:2454)
	at lucee.runtime.PageContextImpl.executeCFML(PageContextImpl.java:2427)
	at lucee.runtime.engine.Request.exe(Request.java:44)
	at lucee.runtime.engine.CFMLEngineImpl._service(CFMLEngineImpl.java:1090)
	at lucee.runtime.engine.CFMLEngineImpl.serviceCFML(CFMLEngineImpl.java:1038)
	at lucee.loader.engine.CFMLEngineWrapper.serviceCFML(CFMLEngineWrapper.java:102)
	at lucee.loader.servlet.CFMLServlet.service(CFMLServlet.java:51)
	at javax.servlet.http.HttpServlet.service(HttpServlet.java:742)
	at org.apache.catalina.core.ApplicationFilterChain.internalDoFilter(ApplicationFilterChain.java:231)
	at org.apache.catalina.core.ApplicationFilterChain.doFilter(ApplicationFilterChain.java:166)
	at org.apache.tomcat.websocket.server.WsFilter.doFilter(WsFilter.java:52)
	at org.apache.catalina.core.ApplicationFilterChain.internalDoFilter(ApplicationFilterChain.java:193)
	at org.apache.catalina.core.ApplicationFilterChain.doFilter(ApplicationFilterChain.java:166)
	at org.apache.catalina.core.StandardWrapperValve.invoke(StandardWrapperValve.java:198)
	at org.apache.catalina.core.StandardContextValve.invoke(StandardContextValve.java:96)
	at org.apache.catalina.authenticator.AuthenticatorBase.invoke(AuthenticatorBase.java:493)
	at org.apache.catalina.core.StandardHostValve.invoke(StandardHostValve.java:140)
	at org.apache.catalina.valves.ErrorReportValve.invoke(ErrorReportValve.java:81)
	at org.apache.catalina.core.StandardEngineValve.invoke(StandardEngineValve.java:87)
	at org.apache.catalina.connector.CoyoteAdapter.service(CoyoteAdapter.java:342)
	at org.apache.coyote.ajp.AjpProcessor.service(AjpProcessor.java:479)
	at org.apache.coyote.AbstractProcessorLight.process(AbstractProcessorLight.java:66)
	at org.apache.coyote.AbstractProtocol$ConnectionHandler.process(AbstractProtocol.java:806)
	at org.apache.tomcat.util.net.NioEndpoint$SocketProcessor.doRun(NioEndpoint.java:1498)
	at org.apache.tomcat.util.net.SocketProcessorBase.run(SocketProcessorBase.java:49)
	at java.util.concurrent.ThreadPoolExecutor.runWorker(ThreadPoolExecutor.java:1149)
	at java.util.concurrent.ThreadPoolExecutor$Worker.run(ThreadPoolExecutor.java:624)
	at org.apache.tomcat.util.threads.TaskThread$WrappingRunnable.run(TaskThread.java:61)
	at java.lang.Thread.run(Thread.java:748)
"
"ERROR","ajp-nio-8009-exec-6","01/09/2019","04:28:44","",";Login failed for user 'sperico'. ClientConnectionId:2a0f5810-8785-43c8-bf9e-0247ae60782d;lucee.runtime.exp.DatabaseException: Login failed for user 'sperico'. ClientConnectionId:2a0f5810-8785-43c8-bf9e-0247ae60782d
	at com.microsoft.sqlserver.jdbc.SQLServerException.makeFromDatabaseError(SQLServerException.java:258)
	at com.microsoft.sqlserver.jdbc.TDSTokenHandler.onEOF(tdsparser.java:256)
	at com.microsoft.sqlserver.jdbc.TDSParser.parse(tdsparser.java:108)
	at com.microsoft.sqlserver.jdbc.SQLServerConnection.sendLogon(SQLServerConnection.java:4290)
	at com.microsoft.sqlserver.jdbc.SQLServerConnection.logon(SQLServerConnection.java:3157)
	at com.microsoft.sqlserver.jdbc.SQLServerConnection.access$100(SQLServerConnection.java:82)
	at com.microsoft.sqlserver.jdbc.SQLServerConnection$LogonCommand.doExecute(SQLServerConnection.java:3121)
	at com.microsoft.sqlserver.jdbc.TDSCommand.execute(IOBuffer.java:7151)
	at com.microsoft.sqlserver.jdbc.SQLServerConnection.executeCommand(SQLServerConnection.java:2478)
	at com.microsoft.sqlserver.jdbc.SQLServerConnection.connectHelper(SQLServerConnection.java:2026)
	at com.microsoft.sqlserver.jdbc.SQLServerConnection.login(SQLServerConnection.java:1687)
	at com.microsoft.sqlserver.jdbc.SQLServerConnection.connectInternal(SQLServerConnection.java:1528)
	at com.microsoft.sqlserver.jdbc.SQLServerConnection.connect(SQLServerConnection.java:866)
	at com.microsoft.sqlserver.jdbc.SQLServerDriver.connect(SQLServerDriver.java:569)
	at lucee.runtime.db.DataSourceSupport._getConnection(DataSourceSupport.java:106)
	at lucee.runtime.db.DataSourceSupport.getConnection(DataSourceSupport.java:86)
	at lucee.runtime.db.DatasourceConnectionPool.loadDatasourceConnection(DatasourceConnectionPool.java:141)
	at lucee.runtime.db.DatasourceConnectionPool.getDatasourceConnection(DatasourceConnectionPool.java:105)
	at lucee.runtime.db.DatasourceManagerImpl.getConnection(DatasourceManagerImpl.java:75)
	at lucee.runtime.tag.Query.executeDatasoure(Query.java:932)
	at lucee.runtime.tag.Query.doEndTag(Query.java:700)
	at components.lib.dao.dbdataprovider_cfc$cf.udfCall(/bugLog/components/lib/dao/dbDataProvider.cfc:41)
	at lucee.runtime.type.UDFImpl.implementation(UDFImpl.java:107)
	at lucee.runtime.type.UDFImpl._call(UDFImpl.java:357)
	at lucee.runtime.type.UDFImpl.call(UDFImpl.java:226)
	at lucee.runtime.ComponentImpl._call(ComponentImpl.java:693)
	at lucee.runtime.ComponentImpl._call(ComponentImpl.java:573)
	at lucee.runtime.ComponentImpl.call(ComponentImpl.java:1997)
	at lucee.runtime.util.VariableUtilImpl.callFunctionWithoutNamedValues(VariableUtilImpl.java:756)
	at lucee.runtime.PageContextImpl.getFunction(PageContextImpl.java:1718)
	at components.lib.dao.dao_cfc$cf.udfCall1(/bugLog/components/lib/dao/DAO.cfc:35)
	at components.lib.dao.dao_cfc$cf.udfCall(/bugLog/components/lib/dao/DAO.cfc)
	at lucee.runtime.type.UDFImpl.implementation(UDFImpl.java:107)
	at lucee.runtime.type.UDFImpl._call(UDFImpl.java:357)
	at lucee.runtime.type.UDFImpl.call(UDFImpl.java:226)
	at lucee.runtime.ComponentImpl._call(ComponentImpl.java:693)
	at lucee.runtime.ComponentImpl._call(ComponentImpl.java:573)
	at lucee.runtime.ComponentImpl.call(ComponentImpl.java:1997)
	at lucee.runtime.util.VariableUtilImpl.callFunctionWithoutNamedValues(VariableUtilImpl.java:756)
	at lucee.runtime.PageContextImpl.getFunction(PageContextImpl.java:1718)
	at components.extensionsservice_cfc$cf.udfCall1(/bugLog/components/extensionsService.cfc:16)
	at components.extensionsservice_cfc$cf.udfCall(/bugLog/components/extensionsService.cfc)
	at lucee.runtime.type.UDFImpl.implementation(UDFImpl.java:107)
	at lucee.runtime.type.UDFImpl._call(UDFImpl.java:357)
	at lucee.runtime.type.UDFImpl.call(UDFImpl.java:226)
	at lucee.runtime.ComponentImpl._call(ComponentImpl.java:693)
	at lucee.runtime.ComponentImpl._call(ComponentImpl.java:573)
	at lucee.runtime.ComponentImpl.call(ComponentImpl.java:1997)
	at lucee.runtime.util.VariableUtilImpl.callFunctionWithoutNamedValues(VariableUtilImpl.java:756)
	at lucee.runtime.PageContextImpl.getFunction(PageContextImpl.java:1718)
	at components.bugloglistener_cfc$cf.udfCall2(/bugLog/components/bugLogListener.cfc:404)
	at components.bugloglistener_cfc$cf.udfCall(/bugLog/components/bugLogListener.cfc)
	at lucee.runtime.type.UDFImpl.implementation(UDFImpl.java:107)
	at lucee.runtime.type.UDFImpl._call(UDFImpl.java:357)
	at lucee.runtime.type.UDFImpl.call(UDFImpl.java:226)
	at lucee.runtime.type.scope.UndefinedImpl.call(UndefinedImpl.java:803)
	at lucee.runtime.util.VariableUtilImpl.callFunctionWithoutNamedValues(VariableUtilImpl.java:756)
	at lucee.runtime.PageContextImpl.getFunction(PageContextImpl.java:1718)
	at components.bugloglistener_cfc$cf.udfCall1(/bugLog/components/bugLogListener.cfc:63)
	at components.bugloglistener_cfc$cf.udfCall(/bugLog/components/bugLogListener.cfc)
	at lucee.runtime.type.UDFImpl.implementation(UDFImpl.java:107)
	at lucee.runtime.type.UDFImpl._call(UDFImpl.java:357)
	at lucee.runtime.type.UDFImpl.call(UDFImpl.java:226)
	at lucee.runtime.ComponentImpl._call(ComponentImpl.java:693)
	at lucee.runtime.ComponentImpl._call(ComponentImpl.java:581)
	at lucee.runtime.SuperComponent.call(SuperComponent.java:82)
	at lucee.runtime.util.VariableUtilImpl.callFunctionWithoutNamedValues(VariableUtilImpl.java:756)
	at lucee.runtime.PageContextImpl.getFunction(PageContextImpl.java:1718)
	at components.bugloglistenerasync_cfc$cf.udfCall(/bugLog/components/bugLogListenerAsync.cfc:21)
	at lucee.runtime.type.UDFImpl.implementation(UDFImpl.java:107)
	at lucee.runtime.type.UDFImpl._call(UDFImpl.java:357)
	at lucee.runtime.type.UDFImpl.call(UDFImpl.java:226)
	at lucee.runtime.ComponentImpl._call(ComponentImpl.java:693)
	at lucee.runtime.ComponentImpl._call(ComponentImpl.java:573)
	at lucee.runtime.ComponentImpl.call(ComponentImpl.java:1997)
	at lucee.runtime.util.VariableUtilImpl.callFunctionWithoutNamedValues(VariableUtilImpl.java:756)
	at lucee.runtime.PageContextImpl.getFunction(PageContextImpl.java:1718)
	at components.service_cfc$cf.udfCall2(/bugLog/components/service.cfc:109)
	at components.service_cfc$cf.udfCall(/bugLog/components/service.cfc)
	at lucee.runtime.type.UDFImpl.implementation(UDFImpl.java:107)
	at lucee.runtime.type.UDFImpl._call(UDFImpl.java:357)
	at lucee.runtime.type.UDFImpl.call(UDFImpl.java:226)
	at lucee.runtime.type.scope.UndefinedImpl.call(UndefinedImpl.java:803)
	at lucee.runtime.util.VariableUtilImpl.callFunctionWithoutNamedValues(VariableUtilImpl.java:756)
	at lucee.runtime.PageContextImpl.getFunction(PageContextImpl.java:1718)
	at components.service_cfc$cf.udfCall1(/bugLog/components/service.cfc:51)
	at components.service_cfc$cf.udfCall(/bugLog/components/service.cfc)
	at lucee.runtime.type.UDFImpl.implementation(UDFImpl.java:107)
	at lucee.runtime.type.UDFImpl._call(UDFImpl.java:357)
	at lucee.runtime.type.UDFImpl.call(UDFImpl.java:226)
	at lucee.runtime.ComponentImpl._call(ComponentImpl.java:693)
	at lucee.runtime.ComponentImpl._call(ComponentImpl.java:573)
	at lucee.runtime.ComponentImpl.call(ComponentImpl.java:1997)
	at lucee.runtime.util.VariableUtilImpl.callFunctionWithoutNamedValues(VariableUtilImpl.java:756)
	at lucee.runtime.PageContextImpl.getFunction(PageContextImpl.java:1718)
	at buglog.listeners.listener_cfc$cf.udfCall(/buglog/listeners/listener.cfc:50)
	at lucee.runtime.type.UDFImpl.implementation(UDFImpl.java:107)
	at lucee.runtime.type.UDFImpl._call(UDFImpl.java:357)
	at lucee.runtime.type.UDFImpl.callWithNamedValues(UDFImpl.java:212)
	at lucee.runtime.ComponentImpl._call(ComponentImpl.java:695)
	at lucee.runtime.ComponentImpl._call(ComponentImpl.java:573)
	at lucee.runtime.ComponentImpl.callWithNamedValues(ComponentImpl.java:2010)
	at lucee.runtime.tag.Invoke.doComponent(Invoke.java:221)
	at lucee.runtime.tag.Invoke.doEndTag(Invoke.java:194)
	at buglog.listeners.bugloglistenerrest_cfm$cf.call(/buglog/listeners/bugLogListenerREST.cfm:70)
	at lucee.runtime.PageContextImpl._doInclude(PageContextImpl.java:933)
	at lucee.runtime.PageContextImpl._doInclude(PageContextImpl.java:823)
	at lucee.runtime.listener.ModernAppListener._onRequest(ModernAppListener.java:218)
	at lucee.runtime.listener.MixedAppListener.onRequest(MixedAppListener.java:43)
	at lucee.runtime.PageContextImpl.execute(PageContextImpl.java:2464)
	at lucee.runtime.PageContextImpl._execute(PageContextImpl.java:2454)
	at lucee.runtime.PageContextImpl.executeCFML(PageContextImpl.java:2427)
	at lucee.runtime.engine.Request.exe(Request.java:44)
	at lucee.runtime.engine.CFMLEngineImpl._service(CFMLEngineImpl.java:1090)
	at lucee.runtime.engine.CFMLEngineImpl.serviceCFML(CFMLEngineImpl.java:1038)
	at lucee.loader.engine.CFMLEngineWrapper.serviceCFML(CFMLEngineWrapper.java:102)
	at lucee.loader.servlet.CFMLServlet.service(CFMLServlet.java:51)
	at javax.servlet.http.HttpServlet.service(HttpServlet.java:742)
	at org.apache.catalina.core.ApplicationFilterChain.internalDoFilter(ApplicationFilterChain.java:231)
	at org.apache.catalina.core.ApplicationFilterChain.doFilter(ApplicationFilterChain.java:166)
	at org.apache.tomcat.websocket.server.WsFilter.doFilter(WsFilter.java:52)
	at org.apache.catalina.core.ApplicationFilterChain.internalDoFilter(ApplicationFilterChain.java:193)
	at org.apache.catalina.core.ApplicationFilterChain.doFilter(ApplicationFilterChain.java:166)
	at org.apache.catalina.core.StandardWrapperValve.invoke(StandardWrapperValve.java:198)
	at org.apache.catalina.core.StandardContextValve.invoke(StandardContextValve.java:96)
	at org.apache.catalina.authenticator.AuthenticatorBase.invoke(AuthenticatorBase.java:493)
	at org.apache.catalina.core.StandardHostValve.invoke(StandardHostValve.java:140)
	at org.apache.catalina.valves.ErrorReportValve.invoke(ErrorReportValve.java:81)
	at org.apache.catalina.core.StandardEngineValve.invoke(StandardEngineValve.java:87)
	at org.apache.catalina.connector.CoyoteAdapter.service(CoyoteAdapter.java:342)
	at org.apache.coyote.ajp.AjpProcessor.service(AjpProcessor.java:479)
	at org.apache.coyote.AbstractProcessorLight.process(AbstractProcessorLight.java:66)
	at org.apache.coyote.AbstractProtocol$ConnectionHandler.process(AbstractProtocol.java:806)
	at org.apache.tomcat.util.net.NioEndpoint$SocketProcessor.doRun(NioEndpoint.java:1498)
	at org.apache.tomcat.util.net.SocketProcessorBase.run(SocketProcessorBase.java:49)
	at java.util.concurrent.ThreadPoolExecutor.runWorker(ThreadPoolExecutor.java:1149)
	at java.util.concurrent.ThreadPoolExecutor$Worker.run(ThreadPoolExecutor.java:624)
	at org.apache.tomcat.util.threads.TaskThread$WrappingRunnable.run(TaskThread.java:61)
	at java.lang.Thread.run(Thread.java:748)
"
"ERROR","ajp-nio-8009-exec-5","01/09/2019","04:28:44","",";500 Internal Server Error;lucee.runtime.exp.HTTPException: 500 Internal Server Error
	at lucee.runtime.tag.Http._doEndTag(Http.java:1411)
	at lucee.runtime.tag.Http.doEndTag(Http.java:710)
	at buglog.client.buglogservice_cfc$cf.udfCall1(/buglog/client/bugLogService.cfc:205)
	at buglog.client.buglogservice_cfc$cf.udfCall(/buglog/client/bugLogService.cfc)
	at lucee.runtime.type.UDFImpl.implementation(UDFImpl.java:107)
	at lucee.runtime.type.UDFImpl._call(UDFImpl.java:357)
	at lucee.runtime.type.UDFImpl.call(UDFImpl.java:226)
	at lucee.runtime.ComponentImpl._call(ComponentImpl.java:693)
	at lucee.runtime.ComponentImpl._call(ComponentImpl.java:573)
	at lucee.runtime.ComponentImpl.call(ComponentImpl.java:1997)
	at lucee.runtime.util.VariableUtilImpl.callFunctionWithoutNamedValues(VariableUtilImpl.java:756)
	at lucee.runtime.PageContextImpl.getFunction(PageContextImpl.java:1718)
	at buglog.test.client_cfm$cf.call(/buglog/test/client.cfm:90)
	at lucee.runtime.PageContextImpl._doInclude(PageContextImpl.java:933)
	at lucee.runtime.PageContextImpl._doInclude(PageContextImpl.java:823)
	at lucee.runtime.listener.ModernAppListener._onRequest(ModernAppListener.java:218)
	at lucee.runtime.listener.MixedAppListener.onRequest(MixedAppListener.java:43)
	at lucee.runtime.PageContextImpl.execute(PageContextImpl.java:2464)
	at lucee.runtime.PageContextImpl._execute(PageContextImpl.java:2454)
	at lucee.runtime.PageContextImpl.executeCFML(PageContextImpl.java:2427)
	at lucee.runtime.engine.Request.exe(Request.java:44)
	at lucee.runtime.engine.CFMLEngineImpl._service(CFMLEngineImpl.java:1090)
	at lucee.runtime.engine.CFMLEngineImpl.serviceCFML(CFMLEngineImpl.java:1038)
	at lucee.loader.engine.CFMLEngineWrapper.serviceCFML(CFMLEngineWrapper.java:102)
	at lucee.loader.servlet.CFMLServlet.service(CFMLServlet.java:51)
	at javax.servlet.http.HttpServlet.service(HttpServlet.java:742)
	at org.apache.catalina.core.ApplicationFilterChain.internalDoFilter(ApplicationFilterChain.java:231)
	at org.apache.catalina.core.ApplicationFilterChain.doFilter(ApplicationFilterChain.java:166)
	at org.apache.tomcat.websocket.server.WsFilter.doFilter(WsFilter.java:52)
	at org.apache.catalina.core.ApplicationFilterChain.internalDoFilter(ApplicationFilterChain.java:193)
	at org.apache.catalina.core.ApplicationFilterChain.doFilter(ApplicationFilterChain.java:166)
	at org.apache.catalina.core.StandardWrapperValve.invoke(StandardWrapperValve.java:198)
	at org.apache.catalina.core.StandardContextValve.invoke(StandardContextValve.java:96)
	at org.apache.catalina.authenticator.AuthenticatorBase.invoke(AuthenticatorBase.java:493)
	at org.apache.catalina.core.StandardHostValve.invoke(StandardHostValve.java:140)
	at org.apache.catalina.valves.ErrorReportValve.invoke(ErrorReportValve.java:81)
	at org.apache.catalina.core.StandardEngineValve.invoke(StandardEngineValve.java:87)
	at org.apache.catalina.connector.CoyoteAdapter.service(CoyoteAdapter.java:342)
	at org.apache.coyote.ajp.AjpProcessor.service(AjpProcessor.java:479)
	at org.apache.coyote.AbstractProcessorLight.process(AbstractProcessorLight.java:66)
	at org.apache.coyote.AbstractProtocol$ConnectionHandler.process(AbstractProtocol.java:806)
	at org.apache.tomcat.util.net.NioEndpoint$SocketProcessor.doRun(NioEndpoint.java:1498)
	at org.apache.tomcat.util.net.SocketProcessorBase.run(SocketProcessorBase.java:49)
	at java.util.concurrent.ThreadPoolExecutor.runWorker(ThreadPoolExecutor.java:1149)
	at java.util.concurrent.ThreadPoolExecutor$Worker.run(ThreadPoolExecutor.java:624)
	at org.apache.tomcat.util.threads.TaskThread$WrappingRunnable.run(TaskThread.java:61)
	at java.lang.Thread.run(Thread.java:748)
"
"ERROR","ajp-nio-8009-exec-6","01/09/2019","22:44:10","",";a timeout occurred after 10 seconds trying to acquire a exclusive lock with name [bugLogListenerAsync_processQueue_default].;lucee.runtime.exp.LockException: a timeout occurred after 10 seconds trying to acquire a exclusive lock with name [bugLogListenerAsync_processQueue_default].
	at lucee.runtime.tag.Lock.doStartTag(Lock.java:266)
	at components.bugloglistenerasync_cfc$cf.udfCall(/bugLog/components/bugLogListenerAsync.cfc:54)
	at lucee.runtime.type.UDFImpl.implementation(UDFImpl.java:107)
	at lucee.runtime.type.UDFImpl._call(UDFImpl.java:357)
	at lucee.runtime.type.UDFImpl.call(UDFImpl.java:226)
	at lucee.runtime.ComponentImpl._call(ComponentImpl.java:693)
	at lucee.runtime.ComponentImpl._call(ComponentImpl.java:573)
	at lucee.runtime.ComponentImpl.call(ComponentImpl.java:1997)
	at lucee.runtime.util.VariableUtilImpl.callFunctionWithoutNamedValues(VariableUtilImpl.java:756)
	at lucee.runtime.PageContextImpl.getFunction(PageContextImpl.java:1718)
	at buglog.util.processqueue_cfm$cf.call(/bugLog/util/processQueue.cfm:12)
	at lucee.runtime.PageContextImpl._doInclude(PageContextImpl.java:933)
	at lucee.runtime.PageContextImpl._doInclude(PageContextImpl.java:823)
	at lucee.runtime.listener.ModernAppListener._onRequest(ModernAppListener.java:218)
	at lucee.runtime.listener.MixedAppListener.onRequest(MixedAppListener.java:43)
	at lucee.runtime.PageContextImpl.execute(PageContextImpl.java:2464)
	at lucee.runtime.PageContextImpl._execute(PageContextImpl.java:2454)
	at lucee.runtime.PageContextImpl.executeCFML(PageContextImpl.java:2427)
	at lucee.runtime.engine.Request.exe(Request.java:44)
	at lucee.runtime.engine.CFMLEngineImpl._service(CFMLEngineImpl.java:1090)
	at lucee.runtime.engine.CFMLEngineImpl.serviceCFML(CFMLEngineImpl.java:1038)
	at lucee.loader.engine.CFMLEngineWrapper.serviceCFML(CFMLEngineWrapper.java:102)
	at lucee.loader.servlet.CFMLServlet.service(CFMLServlet.java:51)
	at javax.servlet.http.HttpServlet.service(HttpServlet.java:742)
	at org.apache.catalina.core.ApplicationFilterChain.internalDoFilter(ApplicationFilterChain.java:231)
	at org.apache.catalina.core.ApplicationFilterChain.doFilter(ApplicationFilterChain.java:166)
	at org.apache.tomcat.websocket.server.WsFilter.doFilter(WsFilter.java:52)
	at org.apache.catalina.core.ApplicationFilterChain.internalDoFilter(ApplicationFilterChain.java:193)
	at org.apache.catalina.core.ApplicationFilterChain.doFilter(ApplicationFilterChain.java:166)
	at org.apache.catalina.core.StandardWrapperValve.invoke(StandardWrapperValve.java:198)
	at org.apache.catalina.core.StandardContextValve.invoke(StandardContextValve.java:96)
	at org.apache.catalina.authenticator.AuthenticatorBase.invoke(AuthenticatorBase.java:493)
	at org.apache.catalina.core.StandardHostValve.invoke(StandardHostValve.java:140)
	at org.apache.catalina.valves.ErrorReportValve.invoke(ErrorReportValve.java:81)
	at org.apache.catalina.core.StandardEngineValve.invoke(StandardEngineValve.java:87)
	at org.apache.catalina.connector.CoyoteAdapter.service(CoyoteAdapter.java:342)
	at org.apache.coyote.ajp.AjpProcessor.service(AjpProcessor.java:479)
	at org.apache.coyote.AbstractProcessorLight.process(AbstractProcessorLight.java:66)
	at org.apache.coyote.AbstractProtocol$ConnectionHandler.process(AbstractProtocol.java:806)
	at org.apache.tomcat.util.net.NioEndpoint$SocketProcessor.doRun(NioEndpoint.java:1498)
	at org.apache.tomcat.util.net.SocketProcessorBase.run(SocketProcessorBase.java:49)
	at java.util.concurrent.ThreadPoolExecutor.runWorker(ThreadPoolExecutor.java:1149)
	at java.util.concurrent.ThreadPoolExecutor$Worker.run(ThreadPoolExecutor.java:624)
	at org.apache.tomcat.util.threads.TaskThread$WrappingRunnable.run(TaskThread.java:61)
	at java.lang.Thread.run(Thread.java:748)
"
"INFO","ajp-nio-8009-exec-6","01/09/2019","23:03:11","OSGi","add bundle:C:\lucee\tomcat\lucee-server\bundles\com.microsoft.sqlserver.mssql-jdbc-6.2.2.jre8.jar"
"INFO","ajp-nio-8009-exec-6","01/09/2019","23:03:11","OSGi","start bundle:com.microsoft.sqlserver.mssql-jdbc:6.2.2.jre8"
"INFO","ajp-nio-8009-exec-5","01/10/2019","02:50:27","OSGi","add bundle:C:\lucee\tomcat\lucee-server\bundles\com.microsoft.sqlserver.mssql-jdbc-6.2.2.jre8.jar"
"INFO","ajp-nio-8009-exec-5","01/10/2019","02:50:27","OSGi","start bundle:com.microsoft.sqlserver.mssql-jdbc:6.2.2.jre8"
"INFO","ajp-nio-8009-exec-7","01/10/2019","02:55:27","Instrumentation","not found [lucee.runtime.instrumentation.ExternalAgent] in ClassLoader [sun.misc.Launcher$AppClassLoader@c387f44]"
"INFO","ajp-nio-8009-exec-7","01/10/2019","02:55:27","Instrumentation","not found [lucee.runtime.instrumentation.ExternalAgent] in ClassLoader [java.net.URLClassLoader@2f2c9b19]"
"INFO","ajp-nio-8009-exec-7","01/10/2019","02:55:27","Instrumentation","not found [lucee.runtime.instrumentation.ExternalAgent] in ClassLoader [lucee.commons.io.res.util.ResourceClassLoader@2ed9e00c]"
"INFO","ajp-nio-8009-exec-7","01/10/2019","02:55:27","Instrumentation","looking for tools.jar"
"INFO","ajp-nio-8009-exec-7","01/10/2019","02:55:27","Instrumentation","couldn't find tools.jar at: C:\lucee\jdk\jre\lib\tools.jar"
"INFO","ajp-nio-8009-exec-7","01/10/2019","02:55:27","Instrumentation","tools.jar used:C:\lucee\jdk\lib\tools.jar"
"INFO","ajp-nio-8009-exec-7","01/10/2019","02:55:27","Instrumentation","loaded VirtualMachine class:com.sun.tools.attach.VirtualMachine"
"INFO","ajp-nio-8009-exec-7","01/10/2019","02:55:27","Instrumentation","try to load agent (path:C:\lucee\tomcat\lucee-server\context\lucee-external-agent.jar)"
"INFO","ajp-nio-8009-exec-7","01/10/2019","02:55:27","Instrumentation","pid:2192"
"INFO","ajp-nio-8009-exec-7","01/10/2019","02:55:27","Instrumentation","found [lucee.runtime.instrumentation.ExternalAgent] in ClassLoader [sun.misc.Launcher$AppClassLoader@c387f44]"
"INFO","ajp-nio-8009-exec-7","01/10/2019","02:55:27","Instrumentation","ExternalAgent does contain a Instrumentation instance"
"ERROR","ajp-nio-8009-exec-7","01/10/2019","06:42:41","",";request /admin/index.cfm (C:\Sites\Salonworks\www\admin\index.cfm) has run into a timeout (20 seconds) and has been stopped.;lucee.runtime.exp.RequestTimeoutException: request /admin/index.cfm (C:\Sites\Salonworks\www\admin\index.cfm) has run into a timeout (20 seconds) and has been stopped.
	at java.lang.Thread.getStackTrace(Thread.java:1559)
	at lucee.runtime.CFMLFactoryImpl.createRequestTimeoutException(CFMLFactoryImpl.java:633)
	at lucee.runtime.util.PageContextUtil.remainingTime(PageContextUtil.java:222)
	at lucee.runtime.tag.Http.checkRemainingTimeout(Http.java:1459)
	at lucee.runtime.tag.Http._doEndTag(Http.java:1080)
	at lucee.runtime.tag.Http.doEndTag(Http.java:710)
	at buglog.client.buglogservice_cfc$cf.udfCall1(/buglog/client/bugLogService.cfc:205)
	at buglog.client.buglogservice_cfc$cf.udfCall(/buglog/client/bugLogService.cfc)
	at lucee.runtime.type.UDFImpl.implementation(UDFImpl.java:107)
	at lucee.runtime.type.UDFImpl._call(UDFImpl.java:357)
	at lucee.runtime.type.UDFImpl.call(UDFImpl.java:226)
	at lucee.runtime.ComponentImpl._call(ComponentImpl.java:693)
	at lucee.runtime.ComponentImpl._call(ComponentImpl.java:573)
	at lucee.runtime.ComponentImpl.call(ComponentImpl.java:1997)
	at lucee.runtime.util.VariableUtilImpl.callFunctionWithoutNamedValues(VariableUtilImpl.java:756)
	at lucee.runtime.PageContextImpl.getFunction(PageContextImpl.java:1718)
	at admin.application_cfc$cf.udfCall(/admin/Application.cfc:229)
	at lucee.runtime.type.UDFImpl.implementation(UDFImpl.java:107)
	at lucee.runtime.type.UDFImpl._call(UDFImpl.java:357)
	at lucee.runtime.type.UDFImpl.call(UDFImpl.java:226)
	at lucee.runtime.ComponentImpl._call(ComponentImpl.java:693)
	at lucee.runtime.ComponentImpl._call(ComponentImpl.java:573)
	at lucee.runtime.ComponentImpl.call(ComponentImpl.java:1997)
	at lucee.runtime.listener.ModernAppListener.call(ModernAppListener.java:438)
	at lucee.runtime.listener.ModernAppListener.onError(ModernAppListener.java:426)
	at lucee.runtime.listener.MixedAppListener.onError(MixedAppListener.java:137)
	at lucee.runtime.PageContextImpl.execute(PageContextImpl.java:2485)
	at lucee.runtime.PageContextImpl._execute(PageContextImpl.java:2454)
	at lucee.runtime.PageContextImpl.executeCFML(PageContextImpl.java:2427)
	at lucee.runtime.engine.Request.exe(Request.java:44)
	at lucee.runtime.engine.CFMLEngineImpl._service(CFMLEngineImpl.java:1090)
	at lucee.runtime.engine.CFMLEngineImpl.serviceCFML(CFMLEngineImpl.java:1038)
	at lucee.loader.engine.CFMLEngineWrapper.serviceCFML(CFMLEngineWrapper.java:102)
	at lucee.loader.servlet.CFMLServlet.service(CFMLServlet.java:51)
	at javax.servlet.http.HttpServlet.service(HttpServlet.java:742)
	at org.apache.catalina.core.ApplicationFilterChain.internalDoFilter(ApplicationFilterChain.java:231)
	at org.apache.catalina.core.ApplicationFilterChain.doFilter(ApplicationFilterChain.java:166)
	at org.apache.tomcat.websocket.server.WsFilter.doFilter(WsFilter.java:52)
	at org.apache.catalina.core.ApplicationFilterChain.internalDoFilter(ApplicationFilterChain.java:193)
	at org.apache.catalina.core.ApplicationFilterChain.doFilter(ApplicationFilterChain.java:166)
	at org.apache.catalina.core.StandardWrapperValve.invoke(StandardWrapperValve.java:198)
	at org.apache.catalina.core.StandardContextValve.invoke(StandardContextValve.java:96)
	at org.apache.catalina.authenticator.AuthenticatorBase.invoke(AuthenticatorBase.java:493)
	at org.apache.catalina.core.StandardHostValve.invoke(StandardHostValve.java:140)
	at org.apache.catalina.valves.ErrorReportValve.invoke(ErrorReportValve.java:81)
	at org.apache.catalina.core.StandardEngineValve.invoke(StandardEngineValve.java:87)
	at org.apache.catalina.connector.CoyoteAdapter.service(CoyoteAdapter.java:342)
	at org.apache.coyote.ajp.AjpProcessor.service(AjpProcessor.java:479)
	at org.apache.coyote.AbstractProcessorLight.process(AbstractProcessorLight.java:66)
	at org.apache.coyote.AbstractProtocol$ConnectionHandler.process(AbstractProtocol.java:806)
	at org.apache.tomcat.util.net.NioEndpoint$SocketProcessor.doRun(NioEndpoint.java:1498)
	at org.apache.tomcat.util.net.SocketProcessorBase.run(SocketProcessorBase.java:49)
	at java.util.concurrent.ThreadPoolExecutor.runWorker(ThreadPoolExecutor.java:1149)
	at java.util.concurrent.ThreadPoolExecutor$Worker.run(ThreadPoolExecutor.java:624)
	at org.apache.tomcat.util.threads.TaskThread$WrappingRunnable.run(TaskThread.java:61)
	at java.lang.Thread.run(Thread.java:748)
"
"ERROR","ajp-nio-8009-exec-1","01/10/2019","06:43:19","",";request /admin/index.cfm (C:\Sites\Salonworks\www\admin\index.cfm) has run into a timeout (20 seconds) and has been stopped.;lucee.runtime.exp.RequestTimeoutException: request /admin/index.cfm (C:\Sites\Salonworks\www\admin\index.cfm) has run into a timeout (20 seconds) and has been stopped.
	at java.lang.Thread.getStackTrace(Thread.java:1559)
	at lucee.runtime.CFMLFactoryImpl.createRequestTimeoutException(CFMLFactoryImpl.java:633)
	at lucee.runtime.util.PageContextUtil.remainingTime(PageContextUtil.java:222)
	at lucee.runtime.tag.Http.checkRemainingTimeout(Http.java:1459)
	at lucee.runtime.tag.Http._doEndTag(Http.java:1080)
	at lucee.runtime.tag.Http.doEndTag(Http.java:710)
	at buglog.client.buglogservice_cfc$cf.udfCall1(/buglog/client/bugLogService.cfc:205)
	at buglog.client.buglogservice_cfc$cf.udfCall(/buglog/client/bugLogService.cfc)
	at lucee.runtime.type.UDFImpl.implementation(UDFImpl.java:107)
	at lucee.runtime.type.UDFImpl._call(UDFImpl.java:357)
	at lucee.runtime.type.UDFImpl.call(UDFImpl.java:226)
	at lucee.runtime.ComponentImpl._call(ComponentImpl.java:693)
	at lucee.runtime.ComponentImpl._call(ComponentImpl.java:573)
	at lucee.runtime.ComponentImpl.call(ComponentImpl.java:1997)
	at lucee.runtime.util.VariableUtilImpl.callFunctionWithoutNamedValues(VariableUtilImpl.java:756)
	at lucee.runtime.PageContextImpl.getFunction(PageContextImpl.java:1718)
	at admin.application_cfc$cf.udfCall(/admin/Application.cfc:229)
	at lucee.runtime.type.UDFImpl.implementation(UDFImpl.java:107)
	at lucee.runtime.type.UDFImpl._call(UDFImpl.java:357)
	at lucee.runtime.type.UDFImpl.call(UDFImpl.java:226)
	at lucee.runtime.ComponentImpl._call(ComponentImpl.java:693)
	at lucee.runtime.ComponentImpl._call(ComponentImpl.java:573)
	at lucee.runtime.ComponentImpl.call(ComponentImpl.java:1997)
	at lucee.runtime.listener.ModernAppListener.call(ModernAppListener.java:438)
	at lucee.runtime.listener.ModernAppListener.onError(ModernAppListener.java:426)
	at lucee.runtime.listener.MixedAppListener.onError(MixedAppListener.java:137)
	at lucee.runtime.PageContextImpl.execute(PageContextImpl.java:2485)
	at lucee.runtime.PageContextImpl._execute(PageContextImpl.java:2454)
	at lucee.runtime.PageContextImpl.executeCFML(PageContextImpl.java:2427)
	at lucee.runtime.engine.Request.exe(Request.java:44)
	at lucee.runtime.engine.CFMLEngineImpl._service(CFMLEngineImpl.java:1090)
	at lucee.runtime.engine.CFMLEngineImpl.serviceCFML(CFMLEngineImpl.java:1038)
	at lucee.loader.engine.CFMLEngineWrapper.serviceCFML(CFMLEngineWrapper.java:102)
	at lucee.loader.servlet.CFMLServlet.service(CFMLServlet.java:51)
	at javax.servlet.http.HttpServlet.service(HttpServlet.java:742)
	at org.apache.catalina.core.ApplicationFilterChain.internalDoFilter(ApplicationFilterChain.java:231)
	at org.apache.catalina.core.ApplicationFilterChain.doFilter(ApplicationFilterChain.java:166)
	at org.apache.catalina.core.StandardWrapperValve.invoke(StandardWrapperValve.java:198)
	at org.apache.catalina.core.StandardContextValve.invoke(StandardContextValve.java:96)
	at org.apache.catalina.authenticator.AuthenticatorBase.invoke(AuthenticatorBase.java:493)
	at org.apache.catalina.core.StandardHostValve.invoke(StandardHostValve.java:140)
	at org.apache.catalina.valves.ErrorReportValve.invoke(ErrorReportValve.java:81)
	at org.apache.catalina.core.StandardEngineValve.invoke(StandardEngineValve.java:87)
	at org.apache.catalina.connector.CoyoteAdapter.service(CoyoteAdapter.java:342)
	at org.apache.coyote.ajp.AjpProcessor.service(AjpProcessor.java:479)
	at org.apache.coyote.AbstractProcessorLight.process(AbstractProcessorLight.java:66)
	at org.apache.coyote.AbstractProtocol$ConnectionHandler.process(AbstractProtocol.java:806)
	at org.apache.tomcat.util.net.NioEndpoint$SocketProcessor.doRun(NioEndpoint.java:1498)
	at org.apache.tomcat.util.net.SocketProcessorBase.run(SocketProcessorBase.java:49)
	at java.util.concurrent.ThreadPoolExecutor.runWorker(ThreadPoolExecutor.java:1149)
	at java.util.concurrent.ThreadPoolExecutor$Worker.run(ThreadPoolExecutor.java:624)
	at org.apache.tomcat.util.threads.TaskThread$WrappingRunnable.run(TaskThread.java:61)
	at java.lang.Thread.run(Thread.java:748)
"
"ERROR","ajp-nio-8009-exec-7","01/10/2019","07:05:07","",";request /index.cfm (C:\Sites\Salonworks\www\index.cfm) has run into a timeout (20 seconds) and has been stopped.;lucee.runtime.exp.RequestTimeoutException: request /index.cfm (C:\Sites\Salonworks\www\index.cfm) has run into a timeout (20 seconds) and has been stopped.
	at java.lang.Thread.getStackTrace(Thread.java:1559)
	at lucee.runtime.CFMLFactoryImpl.createRequestTimeoutException(CFMLFactoryImpl.java:633)
	at lucee.runtime.util.PageContextUtil.remainingTime(PageContextUtil.java:222)
	at lucee.runtime.tag.Http.checkRemainingTimeout(Http.java:1459)
	at lucee.runtime.tag.Http._doEndTag(Http.java:1080)
	at lucee.runtime.tag.Http.doEndTag(Http.java:710)
	at buglog.client.buglogservice_cfc$cf.udfCall1(/buglog/client/bugLogService.cfc:205)
	at buglog.client.buglogservice_cfc$cf.udfCall(/buglog/client/bugLogService.cfc)
	at lucee.runtime.type.UDFImpl.implementation(UDFImpl.java:107)
	at lucee.runtime.type.UDFImpl._call(UDFImpl.java:357)
	at lucee.runtime.type.UDFImpl.call(UDFImpl.java:226)
	at lucee.runtime.ComponentImpl._call(ComponentImpl.java:693)
	at lucee.runtime.ComponentImpl._call(ComponentImpl.java:573)
	at lucee.runtime.ComponentImpl.call(ComponentImpl.java:1997)
	at lucee.runtime.util.VariableUtilImpl.callFunctionWithoutNamedValues(VariableUtilImpl.java:756)
	at lucee.runtime.PageContextImpl.getFunction(PageContextImpl.java:1718)
	at application_cfc$cf.udfCall(/Application.cfc:358)
	at lucee.runtime.type.UDFImpl.implementation(UDFImpl.java:107)
	at lucee.runtime.type.UDFImpl._call(UDFImpl.java:357)
	at lucee.runtime.type.UDFImpl.call(UDFImpl.java:226)
	at lucee.runtime.ComponentImpl._call(ComponentImpl.java:693)
	at lucee.runtime.ComponentImpl._call(ComponentImpl.java:573)
	at lucee.runtime.ComponentImpl.call(ComponentImpl.java:1997)
	at lucee.runtime.listener.ModernAppListener.call(ModernAppListener.java:438)
	at lucee.runtime.listener.ModernAppListener.onError(ModernAppListener.java:426)
	at lucee.runtime.listener.MixedAppListener.onError(MixedAppListener.java:137)
	at lucee.runtime.PageContextImpl.execute(PageContextImpl.java:2485)
	at lucee.runtime.PageContextImpl._execute(PageContextImpl.java:2454)
	at lucee.runtime.PageContextImpl.executeCFML(PageContextImpl.java:2427)
	at lucee.runtime.engine.Request.exe(Request.java:44)
	at lucee.runtime.engine.CFMLEngineImpl._service(CFMLEngineImpl.java:1090)
	at lucee.runtime.engine.CFMLEngineImpl.serviceCFML(CFMLEngineImpl.java:1038)
	at lucee.loader.engine.CFMLEngineWrapper.serviceCFML(CFMLEngineWrapper.java:102)
	at lucee.loader.servlet.CFMLServlet.service(CFMLServlet.java:51)
	at javax.servlet.http.HttpServlet.service(HttpServlet.java:742)
	at org.apache.catalina.core.ApplicationFilterChain.internalDoFilter(ApplicationFilterChain.java:231)
	at org.apache.catalina.core.ApplicationFilterChain.doFilter(ApplicationFilterChain.java:166)
	at org.apache.tomcat.websocket.server.WsFilter.doFilter(WsFilter.java:52)
	at org.apache.catalina.core.ApplicationFilterChain.internalDoFilter(ApplicationFilterChain.java:193)
	at org.apache.catalina.core.ApplicationFilterChain.doFilter(ApplicationFilterChain.java:166)
	at org.apache.catalina.core.StandardWrapperValve.invoke(StandardWrapperValve.java:198)
	at org.apache.catalina.core.StandardContextValve.invoke(StandardContextValve.java:96)
	at org.apache.catalina.authenticator.AuthenticatorBase.invoke(AuthenticatorBase.java:493)
	at org.apache.catalina.core.StandardHostValve.invoke(StandardHostValve.java:140)
	at org.apache.catalina.valves.ErrorReportValve.invoke(ErrorReportValve.java:81)
	at org.apache.catalina.core.StandardEngineValve.invoke(StandardEngineValve.java:87)
	at org.apache.catalina.connector.CoyoteAdapter.service(CoyoteAdapter.java:342)
	at org.apache.coyote.ajp.AjpProcessor.service(AjpProcessor.java:479)
	at org.apache.coyote.AbstractProcessorLight.process(AbstractProcessorLight.java:66)
	at org.apache.coyote.AbstractProtocol$ConnectionHandler.process(AbstractProtocol.java:806)
	at org.apache.tomcat.util.net.NioEndpoint$SocketProcessor.doRun(NioEndpoint.java:1498)
	at org.apache.tomcat.util.net.SocketProcessorBase.run(SocketProcessorBase.java:49)
	at java.util.concurrent.ThreadPoolExecutor.runWorker(ThreadPoolExecutor.java:1149)
	at java.util.concurrent.ThreadPoolExecutor$Worker.run(ThreadPoolExecutor.java:624)
	at org.apache.tomcat.util.threads.TaskThread$WrappingRunnable.run(TaskThread.java:61)
	at java.lang.Thread.run(Thread.java:748)
"
"ERROR","ajp-nio-8009-exec-1","01/10/2019","07:05:09","",";request /index.cfm (C:\Sites\Salonworks\www\index.cfm) has run into a timeout (20 seconds) and has been stopped.;lucee.runtime.exp.RequestTimeoutException: request /index.cfm (C:\Sites\Salonworks\www\index.cfm) has run into a timeout (20 seconds) and has been stopped.
	at java.lang.Thread.getStackTrace(Thread.java:1559)
	at lucee.runtime.CFMLFactoryImpl.createRequestTimeoutException(CFMLFactoryImpl.java:633)
	at lucee.runtime.util.PageContextUtil.remainingTime(PageContextUtil.java:222)
	at lucee.runtime.tag.Http.checkRemainingTimeout(Http.java:1459)
	at lucee.runtime.tag.Http._doEndTag(Http.java:1080)
	at lucee.runtime.tag.Http.doEndTag(Http.java:710)
	at buglog.client.buglogservice_cfc$cf.udfCall1(/buglog/client/bugLogService.cfc:205)
	at buglog.client.buglogservice_cfc$cf.udfCall(/buglog/client/bugLogService.cfc)
	at lucee.runtime.type.UDFImpl.implementation(UDFImpl.java:107)
	at lucee.runtime.type.UDFImpl._call(UDFImpl.java:357)
	at lucee.runtime.type.UDFImpl.call(UDFImpl.java:226)
	at lucee.runtime.ComponentImpl._call(ComponentImpl.java:693)
	at lucee.runtime.ComponentImpl._call(ComponentImpl.java:573)
	at lucee.runtime.ComponentImpl.call(ComponentImpl.java:1997)
	at lucee.runtime.util.VariableUtilImpl.callFunctionWithoutNamedValues(VariableUtilImpl.java:756)
	at lucee.runtime.PageContextImpl.getFunction(PageContextImpl.java:1718)
	at application_cfc$cf.udfCall(/Application.cfc:358)
	at lucee.runtime.type.UDFImpl.implementation(UDFImpl.java:107)
	at lucee.runtime.type.UDFImpl._call(UDFImpl.java:357)
	at lucee.runtime.type.UDFImpl.call(UDFImpl.java:226)
	at lucee.runtime.ComponentImpl._call(ComponentImpl.java:693)
	at lucee.runtime.ComponentImpl._call(ComponentImpl.java:573)
	at lucee.runtime.ComponentImpl.call(ComponentImpl.java:1997)
	at lucee.runtime.listener.ModernAppListener.call(ModernAppListener.java:438)
	at lucee.runtime.listener.ModernAppListener.onError(ModernAppListener.java:426)
	at lucee.runtime.listener.MixedAppListener.onError(MixedAppListener.java:137)
	at lucee.runtime.PageContextImpl.execute(PageContextImpl.java:2485)
	at lucee.runtime.PageContextImpl._execute(PageContextImpl.java:2454)
	at lucee.runtime.PageContextImpl.executeCFML(PageContextImpl.java:2427)
	at lucee.runtime.engine.Request.exe(Request.java:44)
	at lucee.runtime.engine.CFMLEngineImpl._service(CFMLEngineImpl.java:1090)
	at lucee.runtime.engine.CFMLEngineImpl.serviceCFML(CFMLEngineImpl.java:1038)
	at lucee.loader.engine.CFMLEngineWrapper.serviceCFML(CFMLEngineWrapper.java:102)
	at lucee.loader.servlet.CFMLServlet.service(CFMLServlet.java:51)
	at javax.servlet.http.HttpServlet.service(HttpServlet.java:742)
	at org.apache.catalina.core.ApplicationFilterChain.internalDoFilter(ApplicationFilterChain.java:231)
	at org.apache.catalina.core.ApplicationFilterChain.doFilter(ApplicationFilterChain.java:166)
	at org.apache.tomcat.websocket.server.WsFilter.doFilter(WsFilter.java:52)
	at org.apache.catalina.core.ApplicationFilterChain.internalDoFilter(ApplicationFilterChain.java:193)
	at org.apache.catalina.core.ApplicationFilterChain.doFilter(ApplicationFilterChain.java:166)
	at org.apache.catalina.core.StandardWrapperValve.invoke(StandardWrapperValve.java:198)
	at org.apache.catalina.core.StandardContextValve.invoke(StandardContextValve.java:96)
	at org.apache.catalina.authenticator.AuthenticatorBase.invoke(AuthenticatorBase.java:493)
	at org.apache.catalina.core.StandardHostValve.invoke(StandardHostValve.java:140)
	at org.apache.catalina.valves.ErrorReportValve.invoke(ErrorReportValve.java:81)
	at org.apache.catalina.core.StandardEngineValve.invoke(StandardEngineValve.java:87)
	at org.apache.catalina.connector.CoyoteAdapter.service(CoyoteAdapter.java:342)
	at org.apache.coyote.ajp.AjpProcessor.service(AjpProcessor.java:479)
	at org.apache.coyote.AbstractProcessorLight.process(AbstractProcessorLight.java:66)
	at org.apache.coyote.AbstractProtocol$ConnectionHandler.process(AbstractProtocol.java:806)
	at org.apache.tomcat.util.net.NioEndpoint$SocketProcessor.doRun(NioEndpoint.java:1498)
	at org.apache.tomcat.util.net.SocketProcessorBase.run(SocketProcessorBase.java:49)
	at java.util.concurrent.ThreadPoolExecutor.runWorker(ThreadPoolExecutor.java:1149)
	at java.util.concurrent.ThreadPoolExecutor$Worker.run(ThreadPoolExecutor.java:624)
	at org.apache.tomcat.util.threads.TaskThread$WrappingRunnable.run(TaskThread.java:61)
	at java.lang.Thread.run(Thread.java:748)
"
"ERROR","ajp-nio-8009-exec-10","01/10/2019","07:05:54","",";request /index.cfm (C:\Sites\Salonworks\www\index.cfm) has run into a timeout (20 seconds) and has been stopped.;lucee.runtime.exp.RequestTimeoutException: request /index.cfm (C:\Sites\Salonworks\www\index.cfm) has run into a timeout (20 seconds) and has been stopped.
	at java.lang.Thread.getStackTrace(Thread.java:1559)
	at lucee.runtime.CFMLFactoryImpl.createRequestTimeoutException(CFMLFactoryImpl.java:633)
	at lucee.runtime.util.PageContextUtil.remainingTime(PageContextUtil.java:222)
	at lucee.runtime.tag.Http.checkRemainingTimeout(Http.java:1459)
	at lucee.runtime.tag.Http._doEndTag(Http.java:1080)
	at lucee.runtime.tag.Http.doEndTag(Http.java:710)
	at buglog.client.buglogservice_cfc$cf.udfCall1(/buglog/client/bugLogService.cfc:205)
	at buglog.client.buglogservice_cfc$cf.udfCall(/buglog/client/bugLogService.cfc)
	at lucee.runtime.type.UDFImpl.implementation(UDFImpl.java:107)
	at lucee.runtime.type.UDFImpl._call(UDFImpl.java:357)
	at lucee.runtime.type.UDFImpl.call(UDFImpl.java:226)
	at lucee.runtime.ComponentImpl._call(ComponentImpl.java:693)
	at lucee.runtime.ComponentImpl._call(ComponentImpl.java:573)
	at lucee.runtime.ComponentImpl.call(ComponentImpl.java:1997)
	at lucee.runtime.util.VariableUtilImpl.callFunctionWithoutNamedValues(VariableUtilImpl.java:756)
	at lucee.runtime.PageContextImpl.getFunction(PageContextImpl.java:1718)
	at application_cfc$cf.udfCall(/Application.cfc:358)
	at lucee.runtime.type.UDFImpl.implementation(UDFImpl.java:107)
	at lucee.runtime.type.UDFImpl._call(UDFImpl.java:357)
	at lucee.runtime.type.UDFImpl.call(UDFImpl.java:226)
	at lucee.runtime.ComponentImpl._call(ComponentImpl.java:693)
	at lucee.runtime.ComponentImpl._call(ComponentImpl.java:573)
	at lucee.runtime.ComponentImpl.call(ComponentImpl.java:1997)
	at lucee.runtime.listener.ModernAppListener.call(ModernAppListener.java:438)
	at lucee.runtime.listener.ModernAppListener.onError(ModernAppListener.java:426)
	at lucee.runtime.listener.MixedAppListener.onError(MixedAppListener.java:137)
	at lucee.runtime.PageContextImpl.execute(PageContextImpl.java:2485)
	at lucee.runtime.PageContextImpl._execute(PageContextImpl.java:2454)
	at lucee.runtime.PageContextImpl.executeCFML(PageContextImpl.java:2427)
	at lucee.runtime.engine.Request.exe(Request.java:44)
	at lucee.runtime.engine.CFMLEngineImpl._service(CFMLEngineImpl.java:1090)
	at lucee.runtime.engine.CFMLEngineImpl.serviceCFML(CFMLEngineImpl.java:1038)
	at lucee.loader.engine.CFMLEngineWrapper.serviceCFML(CFMLEngineWrapper.java:102)
	at lucee.loader.servlet.CFMLServlet.service(CFMLServlet.java:51)
	at javax.servlet.http.HttpServlet.service(HttpServlet.java:742)
	at org.apache.catalina.core.ApplicationFilterChain.internalDoFilter(ApplicationFilterChain.java:231)
	at org.apache.catalina.core.ApplicationFilterChain.doFilter(ApplicationFilterChain.java:166)
	at org.apache.catalina.core.StandardWrapperValve.invoke(StandardWrapperValve.java:198)
	at org.apache.catalina.core.StandardContextValve.invoke(StandardContextValve.java:96)
	at org.apache.catalina.authenticator.AuthenticatorBase.invoke(AuthenticatorBase.java:493)
	at org.apache.catalina.core.StandardHostValve.invoke(StandardHostValve.java:140)
	at org.apache.catalina.valves.ErrorReportValve.invoke(ErrorReportValve.java:81)
	at org.apache.catalina.core.StandardEngineValve.invoke(StandardEngineValve.java:87)
	at org.apache.catalina.connector.CoyoteAdapter.service(CoyoteAdapter.java:342)
	at org.apache.coyote.ajp.AjpProcessor.service(AjpProcessor.java:479)
	at org.apache.coyote.AbstractProcessorLight.process(AbstractProcessorLight.java:66)
	at org.apache.coyote.AbstractProtocol$ConnectionHandler.process(AbstractProtocol.java:806)
	at org.apache.tomcat.util.net.NioEndpoint$SocketProcessor.doRun(NioEndpoint.java:1498)
	at org.apache.tomcat.util.net.SocketProcessorBase.run(SocketProcessorBase.java:49)
	at java.util.concurrent.ThreadPoolExecutor.runWorker(ThreadPoolExecutor.java:1149)
	at java.util.concurrent.ThreadPoolExecutor$Worker.run(ThreadPoolExecutor.java:624)
	at org.apache.tomcat.util.threads.TaskThread$WrappingRunnable.run(TaskThread.java:61)
	at java.lang.Thread.run(Thread.java:748)
"
"INFO","ajp-nio-8009-exec-4","01/10/2019","07:35:00","Instrumentation","not found [lucee.runtime.instrumentation.ExternalAgent] in ClassLoader [sun.misc.Launcher$AppClassLoader@c387f44]"
"INFO","ajp-nio-8009-exec-4","01/10/2019","07:35:00","Instrumentation","not found [lucee.runtime.instrumentation.ExternalAgent] in ClassLoader [java.net.URLClassLoader@2f2c9b19]"
"INFO","ajp-nio-8009-exec-4","01/10/2019","07:35:00","Instrumentation","not found [lucee.runtime.instrumentation.ExternalAgent] in ClassLoader [lucee.commons.io.res.util.ResourceClassLoader@7b96f5e0]"
"INFO","ajp-nio-8009-exec-4","01/10/2019","07:35:00","Instrumentation","looking for tools.jar"
"INFO","ajp-nio-8009-exec-4","01/10/2019","07:35:00","Instrumentation","couldn't find tools.jar at: C:\lucee\jdk\jre\lib\tools.jar"
"INFO","ajp-nio-8009-exec-4","01/10/2019","07:35:00","Instrumentation","tools.jar used:C:\lucee\jdk\lib\tools.jar"
"INFO","ajp-nio-8009-exec-4","01/10/2019","07:35:00","Instrumentation","loaded VirtualMachine class:com.sun.tools.attach.VirtualMachine"
"INFO","ajp-nio-8009-exec-4","01/10/2019","07:35:00","Instrumentation","try to load agent (path:C:\lucee\tomcat\lucee-server\context\lucee-external-agent.jar)"
"INFO","ajp-nio-8009-exec-4","01/10/2019","07:35:00","Instrumentation","pid:2080"
"INFO","ajp-nio-8009-exec-4","01/10/2019","07:35:00","Instrumentation","found [lucee.runtime.instrumentation.ExternalAgent] in ClassLoader [sun.misc.Launcher$AppClassLoader@c387f44]"
"INFO","ajp-nio-8009-exec-4","01/10/2019","07:35:00","Instrumentation","ExternalAgent does contain a Instrumentation instance"
"INFO","ajp-nio-8009-exec-7","01/14/2019","07:09:38","OSGi","add bundle:C:\lucee\tomcat\lucee-server\bundles\com.microsoft.sqlserver.mssql-jdbc-6.2.2.jre8.jar"
"INFO","ajp-nio-8009-exec-7","01/14/2019","07:09:38","OSGi","start bundle:com.microsoft.sqlserver.mssql-jdbc:6.2.2.jre8"
